In file included from /media/ryanfeng/HardDisk/Study/Git_Repos/streaming_arc/vitis/source/one_layer.cpp:9:
/media/ryanfeng/HardDisk/Study/Git_Repos/streaming_arc/vitis/source/one_layer.hpp:32:21: warning: unexpected pragma argument '=', expects identifier [-Winvalid-hls-pragmas]
#pragma HLS PIPELINE=II
                    ^
/media/ryanfeng/HardDisk/Study/Git_Repos/streaming_arc/vitis/source/one_layer.hpp:32:9: warning: HLS pragma dump _XLX_SEP_ PragmaIsValid=0_XLX_SEP_ PragmaType=pipeline_XLX_SEP_ PragmaContext=_XLX_SEP_ PragmaFunction=read_weight_long_XLX_SEP_ PragmaOptions==_XLX_SEP_ [-Wdump-hls-pragmas]
#pragma HLS PIPELINE=II
        ^
/media/ryanfeng/HardDisk/Study/Git_Repos/streaming_arc/vitis/source/one_layer.hpp:42:21: warning: unexpected pragma argument '=', expects identifier [-Winvalid-hls-pragmas]
#pragma HLS PIPELINE=II
                    ^
/media/ryanfeng/HardDisk/Study/Git_Repos/streaming_arc/vitis/source/one_layer.hpp:42:9: warning: HLS pragma dump _XLX_SEP_ PragmaIsValid=0_XLX_SEP_ PragmaType=pipeline_XLX_SEP_ PragmaContext=_XLX_SEP_ PragmaFunction=read_weight_long_XLX_SEP_ PragmaOptions==_XLX_SEP_ [-Wdump-hls-pragmas]
#pragma HLS PIPELINE=II
        ^
/media/ryanfeng/HardDisk/Study/Git_Repos/streaming_arc/vitis/source/one_layer.hpp:69:21: warning: unexpected pragma argument '=', expects identifier [-Winvalid-hls-pragmas]
#pragma HLS PIPELINE=II
                    ^
/media/ryanfeng/HardDisk/Study/Git_Repos/streaming_arc/vitis/source/one_layer.hpp:69:9: warning: HLS pragma dump _XLX_SEP_ PragmaIsValid=0_XLX_SEP_ PragmaType=pipeline_XLX_SEP_ PragmaContext=_XLX_SEP_ PragmaFunction=read_weight_short_XLX_SEP_ PragmaOptions==_XLX_SEP_ [-Wdump-hls-pragmas]
#pragma HLS PIPELINE=II
        ^
/media/ryanfeng/HardDisk/Study/Git_Repos/streaming_arc/vitis/source/one_layer.hpp:78:21: warning: unexpected pragma argument '=', expects identifier [-Winvalid-hls-pragmas]
#pragma HLS PIPELINE=II
                    ^
/media/ryanfeng/HardDisk/Study/Git_Repos/streaming_arc/vitis/source/one_layer.hpp:78:9: warning: HLS pragma dump _XLX_SEP_ PragmaIsValid=0_XLX_SEP_ PragmaType=pipeline_XLX_SEP_ PragmaContext=_XLX_SEP_ PragmaFunction=read_weight_short_XLX_SEP_ PragmaOptions==_XLX_SEP_ [-Wdump-hls-pragmas]
#pragma HLS PIPELINE=II
        ^
/media/ryanfeng/HardDisk/Study/Git_Repos/streaming_arc/vitis/source/one_layer.hpp:144:9: warning: HLS pragma dump _XLX_SEP_ PragmaIsValid=1_XLX_SEP_ PragmaType=array_partition_XLX_SEP_ PragmaContext=_XLX_SEP_ PragmaFunction=Input_Generator_long_XLX_SEP_ PragmaOptions=variable=arr complete dim=2_XLX_SEP_ [-Wdump-hls-pragmas]
#pragma HLS array_partition variable=arr complete dim=2
        ^
/media/ryanfeng/HardDisk/Study/Git_Repos/streaming_arc/vitis/source/one_layer.hpp:146:9: warning: HLS pragma dump _XLX_SEP_ PragmaIsValid=1_XLX_SEP_ PragmaType=bind_storage_XLX_SEP_ PragmaContext=_XLX_SEP_ PragmaFunction=Input_Generator_long_XLX_SEP_ PragmaOptions=variable=arr type=RAM_1P impl=uram_XLX_SEP_ [-Wdump-hls-pragmas]
#pragma HLS bind_storage variable=arr type=RAM_1P impl=uram
        ^
/media/ryanfeng/HardDisk/Study/Git_Repos/streaming_arc/vitis/source/one_layer.hpp:204:9: warning: HLS pragma dump _XLX_SEP_ PragmaIsValid=1_XLX_SEP_ PragmaType=unroll_XLX_SEP_ PragmaContext=_XLX_SEP_ PragmaFunction=Input_Generator_long_XLX_SEP_ PragmaOptions=_XLX_SEP_ [-Wdump-hls-pragmas]
#pragma HLS UNROLL
        ^
/media/ryanfeng/HardDisk/Study/Git_Repos/streaming_arc/vitis/source/one_layer.hpp:208:9: warning: HLS pragma dump _XLX_SEP_ PragmaIsValid=1_XLX_SEP_ PragmaType=unroll_XLX_SEP_ PragmaContext=_XLX_SEP_ PragmaFunction=Input_Generator_long_XLX_SEP_ PragmaOptions=_XLX_SEP_ [-Wdump-hls-pragmas]
#pragma HLS UNROLL
        ^
/media/ryanfeng/HardDisk/Study/Git_Repos/streaming_arc/vitis/source/one_layer.hpp:218:9: warning: HLS pragma dump _XLX_SEP_ PragmaIsValid=1_XLX_SEP_ PragmaType=unroll_XLX_SEP_ PragmaContext=_XLX_SEP_ PragmaFunction=Input_Generator_long_XLX_SEP_ PragmaOptions=_XLX_SEP_ [-Wdump-hls-pragmas]
#pragma HLS UNROLL
        ^
/media/ryanfeng/HardDisk/Study/Git_Repos/streaming_arc/vitis/source/one_layer.hpp:222:9: warning: HLS pragma dump _XLX_SEP_ PragmaIsValid=1_XLX_SEP_ PragmaType=unroll_XLX_SEP_ PragmaContext=_XLX_SEP_ PragmaFunction=Input_Generator_long_XLX_SEP_ PragmaOptions=_XLX_SEP_ [-Wdump-hls-pragmas]
#pragma HLS UNROLL
        ^
/media/ryanfeng/HardDisk/Study/Git_Repos/streaming_arc/vitis/source/one_layer.hpp:253:9: warning: HLS pragma dump _XLX_SEP_ PragmaIsValid=1_XLX_SEP_ PragmaType=pipeline_XLX_SEP_ PragmaContext=_XLX_SEP_ PragmaFunction=Input_Generator_long_XLX_SEP_ PragmaOptions=II=1_XLX_SEP_ [-Wdump-hls-pragmas]
#pragma HLS PIPELINE II=1
        ^
/media/ryanfeng/HardDisk/Study/Git_Repos/streaming_arc/vitis/source/one_layer.hpp:289:9: warning: HLS pragma dump _XLX_SEP_ PragmaIsValid=1_XLX_SEP_ PragmaType=bind_storage_XLX_SEP_ PragmaContext=_XLX_SEP_ PragmaFunction=Input_Generator_short_1_XLX_SEP_ PragmaOptions=variable=arr type=RAM_1P impl=uram_XLX_SEP_ [-Wdump-hls-pragmas]
#pragma HLS bind_storage variable=arr type=RAM_1P impl=uram
        ^
/media/ryanfeng/HardDisk/Study/Git_Repos/streaming_arc/vitis/source/one_layer.hpp:344:9: warning: HLS pragma dump _XLX_SEP_ PragmaIsValid=1_XLX_SEP_ PragmaType=unroll_XLX_SEP_ PragmaContext=_XLX_SEP_ PragmaFunction=Input_Generator_short_1_XLX_SEP_ PragmaOptions=_XLX_SEP_ [-Wdump-hls-pragmas]
#pragma HLS UNROLL
        ^
/media/ryanfeng/HardDisk/Study/Git_Repos/streaming_arc/vitis/source/one_layer.hpp:355:9: warning: HLS pragma dump _XLX_SEP_ PragmaIsValid=1_XLX_SEP_ PragmaType=unroll_XLX_SEP_ PragmaContext=_XLX_SEP_ PragmaFunction=Input_Generator_short_1_XLX_SEP_ PragmaOptions=_XLX_SEP_ [-Wdump-hls-pragmas]
#pragma HLS UNROLL
        ^
/media/ryanfeng/HardDisk/Study/Git_Repos/streaming_arc/vitis/source/one_layer.hpp:384:9: warning: HLS pragma dump _XLX_SEP_ PragmaIsValid=1_XLX_SEP_ PragmaType=pipeline_XLX_SEP_ PragmaContext=_XLX_SEP_ PragmaFunction=Input_Generator_short_1_XLX_SEP_ PragmaOptions=II=1_XLX_SEP_ [-Wdump-hls-pragmas]
#pragma HLS PIPELINE II=1
        ^
/media/ryanfeng/HardDisk/Study/Git_Repos/streaming_arc/vitis/source/one_layer.hpp:423:9: warning: HLS pragma dump _XLX_SEP_ PragmaIsValid=1_XLX_SEP_ PragmaType=bind_storage_XLX_SEP_ PragmaContext=_XLX_SEP_ PragmaFunction=Input_Generator_short_2_XLX_SEP_ PragmaOptions=variable=arr type=RAM_1P impl=uram_XLX_SEP_ [-Wdump-hls-pragmas]
#pragma HLS bind_storage variable=arr type=RAM_1P impl=uram
        ^
/media/ryanfeng/HardDisk/Study/Git_Repos/streaming_arc/vitis/source/one_layer.hpp:481:9: warning: HLS pragma dump _XLX_SEP_ PragmaIsValid=1_XLX_SEP_ PragmaType=pipeline_XLX_SEP_ PragmaContext=_XLX_SEP_ PragmaFunction=Input_Generator_short_2_XLX_SEP_ PragmaOptions=_XLX_SEP_ [-Wdump-hls-pragmas]
#pragma HLS PIPELINE
        ^
/media/ryanfeng/HardDisk/Study/Git_Repos/streaming_arc/vitis/source/one_layer.hpp:509:9: warning: HLS pragma dump _XLX_SEP_ PragmaIsValid=1_XLX_SEP_ PragmaType=pipeline_XLX_SEP_ PragmaContext=_XLX_SEP_ PragmaFunction=Input_Generator_short_2_XLX_SEP_ PragmaOptions=II=1_XLX_SEP_ [-Wdump-hls-pragmas]
#pragma HLS PIPELINE II=1
        ^
/media/ryanfeng/HardDisk/Study/Git_Repos/streaming_arc/vitis/source/one_layer.hpp:540:9: warning: HLS pragma dump _XLX_SEP_ PragmaIsValid=1_XLX_SEP_ PragmaType=array_partition_XLX_SEP_ PragmaContext=_XLX_SEP_ PragmaFunction=Mac_long_XLX_SEP_ PragmaOptions=variable=in complete dim=0_XLX_SEP_ [-Wdump-hls-pragmas]
#pragma HLS ARRAY_PARTITION variable=in complete dim=0
        ^
/media/ryanfeng/HardDisk/Study/Git_Repos/streaming_arc/vitis/source/one_layer.hpp:542:9: warning: HLS pragma dump _XLX_SEP_ PragmaIsValid=1_XLX_SEP_ PragmaType=array_partition_XLX_SEP_ PragmaContext=_XLX_SEP_ PragmaFunction=Mac_long_XLX_SEP_ PragmaOptions=variable=wt complete dim=0_XLX_SEP_ [-Wdump-hls-pragmas]
#pragma HLS ARRAY_PARTITION variable=wt complete dim=0
        ^
/media/ryanfeng/HardDisk/Study/Git_Repos/streaming_arc/vitis/source/one_layer.hpp:544:9: warning: HLS pragma dump _XLX_SEP_ PragmaIsValid=1_XLX_SEP_ PragmaType=array_partition_XLX_SEP_ PragmaContext=_XLX_SEP_ PragmaFunction=Mac_long_XLX_SEP_ PragmaOptions=variable=tmp_ complete dim=0_XLX_SEP_ [-Wdump-hls-pragmas]
#pragma HLS ARRAY_PARTITION variable=tmp_ complete dim=0
        ^
/media/ryanfeng/HardDisk/Study/Git_Repos/streaming_arc/vitis/source/one_layer.hpp:547:9: warning: HLS pragma dump _XLX_SEP_ PragmaIsValid=1_XLX_SEP_ PragmaType=array_partition_XLX_SEP_ PragmaContext=_XLX_SEP_ PragmaFunction=Mac_long_XLX_SEP_ PragmaOptions=variable=tmp_i complete dim=0_XLX_SEP_ [-Wdump-hls-pragmas]
#pragma HLS ARRAY_PARTITION variable=tmp_i complete dim=0
        ^
/media/ryanfeng/HardDisk/Study/Git_Repos/streaming_arc/vitis/source/one_layer.hpp:549:9: warning: HLS pragma dump _XLX_SEP_ PragmaIsValid=1_XLX_SEP_ PragmaType=array_partition_XLX_SEP_ PragmaContext=_XLX_SEP_ PragmaFunction=Mac_long_XLX_SEP_ PragmaOptions=variable=tmp_w complete dim=0_XLX_SEP_ [-Wdump-hls-pragmas]
#pragma HLS ARRAY_PARTITION variable=tmp_w complete dim=0
        ^
/media/ryanfeng/HardDisk/Study/Git_Repos/streaming_arc/vitis/source/one_layer.hpp:559:9: warning: HLS pragma dump _XLX_SEP_ PragmaIsValid=1_XLX_SEP_ PragmaType=unroll_XLX_SEP_ PragmaContext=_XLX_SEP_ PragmaFunction=Mac_long_XLX_SEP_ PragmaOptions=_XLX_SEP_ [-Wdump-hls-pragmas]
#pragma HLS UNROLL
        ^
/media/ryanfeng/HardDisk/Study/Git_Repos/streaming_arc/vitis/source/one_layer.hpp:569:9: warning: HLS pragma dump _XLX_SEP_ PragmaIsValid=1_XLX_SEP_ PragmaType=pipeline_XLX_SEP_ PragmaContext=_XLX_SEP_ PragmaFunction=Mac_long_XLX_SEP_ PragmaOptions=_XLX_SEP_ [-Wdump-hls-pragmas]
#pragma HLS PIPELINE
        ^
/media/ryanfeng/HardDisk/Study/Git_Repos/streaming_arc/vitis/source/one_layer.hpp:572:9: warning: HLS pragma dump _XLX_SEP_ PragmaIsValid=1_XLX_SEP_ PragmaType=unroll_XLX_SEP_ PragmaContext=_XLX_SEP_ PragmaFunction=Mac_long_XLX_SEP_ PragmaOptions=_XLX_SEP_ [-Wdump-hls-pragmas]
#pragma HLS UNROLL
        ^
/media/ryanfeng/HardDisk/Study/Git_Repos/streaming_arc/vitis/source/one_layer.hpp:577:9: warning: HLS pragma dump _XLX_SEP_ PragmaIsValid=1_XLX_SEP_ PragmaType=unroll_XLX_SEP_ PragmaContext=_XLX_SEP_ PragmaFunction=Mac_long_XLX_SEP_ PragmaOptions=_XLX_SEP_ [-Wdump-hls-pragmas]
#pragma HLS UNROLL
        ^
/media/ryanfeng/HardDisk/Study/Git_Repos/streaming_arc/vitis/source/one_layer.hpp:582:9: warning: HLS pragma dump _XLX_SEP_ PragmaIsValid=1_XLX_SEP_ PragmaType=unroll_XLX_SEP_ PragmaContext=_XLX_SEP_ PragmaFunction=Mac_long_XLX_SEP_ PragmaOptions=_XLX_SEP_ [-Wdump-hls-pragmas]
#pragma HLS UNROLL
        ^
/media/ryanfeng/HardDisk/Study/Git_Repos/streaming_arc/vitis/source/one_layer.hpp:598:9: warning: HLS pragma dump _XLX_SEP_ PragmaIsValid=1_XLX_SEP_ PragmaType=pipeline_XLX_SEP_ PragmaContext=_XLX_SEP_ PragmaFunction=Mac_long_XLX_SEP_ PragmaOptions=II=1_XLX_SEP_ [-Wdump-hls-pragmas]
#pragma HLS PIPELINE II=1
        ^
/media/ryanfeng/HardDisk/Study/Git_Repos/streaming_arc/vitis/source/one_layer.hpp:640:9: warning: HLS pragma dump _XLX_SEP_ PragmaIsValid=1_XLX_SEP_ PragmaType=array_partition_XLX_SEP_ PragmaContext=_XLX_SEP_ PragmaFunction=Mac_short_1_XLX_SEP_ PragmaOptions=variable=in complete dim=0_XLX_SEP_ [-Wdump-hls-pragmas]
#pragma HLS ARRAY_PARTITION variable=in complete dim=0
        ^
/media/ryanfeng/HardDisk/Study/Git_Repos/streaming_arc/vitis/source/one_layer.hpp:642:9: warning: HLS pragma dump _XLX_SEP_ PragmaIsValid=1_XLX_SEP_ PragmaType=array_partition_XLX_SEP_ PragmaContext=_XLX_SEP_ PragmaFunction=Mac_short_1_XLX_SEP_ PragmaOptions=variable=wt complete dim=0_XLX_SEP_ [-Wdump-hls-pragmas]
#pragma HLS ARRAY_PARTITION variable=wt complete dim=0
        ^
/media/ryanfeng/HardDisk/Study/Git_Repos/streaming_arc/vitis/source/one_layer.hpp:644:9: warning: HLS pragma dump _XLX_SEP_ PragmaIsValid=1_XLX_SEP_ PragmaType=array_partition_XLX_SEP_ PragmaContext=_XLX_SEP_ PragmaFunction=Mac_short_1_XLX_SEP_ PragmaOptions=variable=tmp_ complete dim=0_XLX_SEP_ [-Wdump-hls-pragmas]
#pragma HLS ARRAY_PARTITION variable=tmp_ complete dim=0
        ^
/media/ryanfeng/HardDisk/Study/Git_Repos/streaming_arc/vitis/source/one_layer.hpp:647:9: warning: HLS pragma dump _XLX_SEP_ PragmaIsValid=1_XLX_SEP_ PragmaType=array_partition_XLX_SEP_ PragmaContext=_XLX_SEP_ PragmaFunction=Mac_short_1_XLX_SEP_ PragmaOptions=variable=tmp_i complete dim=0_XLX_SEP_ [-Wdump-hls-pragmas]
#pragma HLS ARRAY_PARTITION variable=tmp_i complete dim=0
        ^
/media/ryanfeng/HardDisk/Study/Git_Repos/streaming_arc/vitis/source/one_layer.hpp:649:9: warning: HLS pragma dump _XLX_SEP_ PragmaIsValid=1_XLX_SEP_ PragmaType=array_partition_XLX_SEP_ PragmaContext=_XLX_SEP_ PragmaFunction=Mac_short_1_XLX_SEP_ PragmaOptions=variable=tmp_w complete dim=0_XLX_SEP_ [-Wdump-hls-pragmas]
#pragma HLS ARRAY_PARTITION variable=tmp_w complete dim=0
        ^
/media/ryanfeng/HardDisk/Study/Git_Repos/streaming_arc/vitis/source/one_layer.hpp:663:9: warning: HLS pragma dump _XLX_SEP_ PragmaIsValid=1_XLX_SEP_ PragmaType=unroll_XLX_SEP_ PragmaContext=_XLX_SEP_ PragmaFunction=Mac_short_1_XLX_SEP_ PragmaOptions=_XLX_SEP_ [-Wdump-hls-pragmas]
#pragma HLS UNROLL
        ^
/media/ryanfeng/HardDisk/Study/Git_Repos/streaming_arc/vitis/source/one_layer.hpp:671:9: warning: HLS pragma dump _XLX_SEP_ PragmaIsValid=1_XLX_SEP_ PragmaType=loop_flatten_XLX_SEP_ PragmaContext=_XLX_SEP_ PragmaFunction=Mac_short_1_XLX_SEP_ PragmaOptions=off_XLX_SEP_ [-Wdump-hls-pragmas]
#pragma HLS loop_flatten off
        ^
/media/ryanfeng/HardDisk/Study/Git_Repos/streaming_arc/vitis/source/one_layer.hpp:674:9: warning: HLS pragma dump _XLX_SEP_ PragmaIsValid=1_XLX_SEP_ PragmaType=pipeline_XLX_SEP_ PragmaContext=_XLX_SEP_ PragmaFunction=Mac_short_1_XLX_SEP_ PragmaOptions=_XLX_SEP_ [-Wdump-hls-pragmas]
#pragma HLS PIPELINE
        ^
/media/ryanfeng/HardDisk/Study/Git_Repos/streaming_arc/vitis/source/one_layer.hpp:677:9: warning: HLS pragma dump _XLX_SEP_ PragmaIsValid=1_XLX_SEP_ PragmaType=unroll_XLX_SEP_ PragmaContext=_XLX_SEP_ PragmaFunction=Mac_short_1_XLX_SEP_ PragmaOptions=_XLX_SEP_ [-Wdump-hls-pragmas]
#pragma HLS UNROLL
        ^
/media/ryanfeng/HardDisk/Study/Git_Repos/streaming_arc/vitis/source/one_layer.hpp:686:9: warning: HLS pragma dump _XLX_SEP_ PragmaIsValid=1_XLX_SEP_ PragmaType=unroll_XLX_SEP_ PragmaContext=_XLX_SEP_ PragmaFunction=Mac_short_1_XLX_SEP_ PragmaOptions=_XLX_SEP_ [-Wdump-hls-pragmas]
#pragma HLS UNROLL
        ^
/media/ryanfeng/HardDisk/Study/Git_Repos/streaming_arc/vitis/source/one_layer.hpp:700:9: warning: HLS pragma dump _XLX_SEP_ PragmaIsValid=1_XLX_SEP_ PragmaType=pipeline_XLX_SEP_ PragmaContext=_XLX_SEP_ PragmaFunction=Mac_short_1_XLX_SEP_ PragmaOptions=II=1_XLX_SEP_ [-Wdump-hls-pragmas]
#pragma HLS PIPELINE II=1
        ^
/media/ryanfeng/HardDisk/Study/Git_Repos/streaming_arc/vitis/source/one_layer.hpp:736:9: warning: HLS pragma dump _XLX_SEP_ PragmaIsValid=1_XLX_SEP_ PragmaType=array_partition_XLX_SEP_ PragmaContext=_XLX_SEP_ PragmaFunction=Mac_short_2_XLX_SEP_ PragmaOptions=variable=in complete dim=0_XLX_SEP_ [-Wdump-hls-pragmas]
#pragma HLS ARRAY_PARTITION variable=in complete dim=0
        ^
/media/ryanfeng/HardDisk/Study/Git_Repos/streaming_arc/vitis/source/one_layer.hpp:738:9: warning: HLS pragma dump _XLX_SEP_ PragmaIsValid=1_XLX_SEP_ PragmaType=array_partition_XLX_SEP_ PragmaContext=_XLX_SEP_ PragmaFunction=Mac_short_2_XLX_SEP_ PragmaOptions=variable=wt complete dim=0_XLX_SEP_ [-Wdump-hls-pragmas]
#pragma HLS ARRAY_PARTITION variable=wt complete dim=0
        ^
/media/ryanfeng/HardDisk/Study/Git_Repos/streaming_arc/vitis/source/one_layer.hpp:740:9: warning: HLS pragma dump _XLX_SEP_ PragmaIsValid=1_XLX_SEP_ PragmaType=array_partition_XLX_SEP_ PragmaContext=_XLX_SEP_ PragmaFunction=Mac_short_2_XLX_SEP_ PragmaOptions=variable=tmp_ complete dim=0_XLX_SEP_ [-Wdump-hls-pragmas]
#pragma HLS ARRAY_PARTITION variable=tmp_ complete dim=0
        ^
/media/ryanfeng/HardDisk/Study/Git_Repos/streaming_arc/vitis/source/one_layer.hpp:743:9: warning: HLS pragma dump _XLX_SEP_ PragmaIsValid=1_XLX_SEP_ PragmaType=array_partition_XLX_SEP_ PragmaContext=_XLX_SEP_ PragmaFunction=Mac_short_2_XLX_SEP_ PragmaOptions=variable=tmp_i complete dim=0_XLX_SEP_ [-Wdump-hls-pragmas]
#pragma HLS ARRAY_PARTITION variable=tmp_i complete dim=0
        ^
/media/ryanfeng/HardDisk/Study/Git_Repos/streaming_arc/vitis/source/one_layer.hpp:745:9: warning: HLS pragma dump _XLX_SEP_ PragmaIsValid=1_XLX_SEP_ PragmaType=array_partition_XLX_SEP_ PragmaContext=_XLX_SEP_ PragmaFunction=Mac_short_2_XLX_SEP_ PragmaOptions=variable=tmp_w complete dim=0_XLX_SEP_ [-Wdump-hls-pragmas]
#pragma HLS ARRAY_PARTITION variable=tmp_w complete dim=0
        ^
/media/ryanfeng/HardDisk/Study/Git_Repos/streaming_arc/vitis/source/one_layer.hpp:759:9: warning: HLS pragma dump _XLX_SEP_ PragmaIsValid=1_XLX_SEP_ PragmaType=unroll_XLX_SEP_ PragmaContext=_XLX_SEP_ PragmaFunction=Mac_short_2_XLX_SEP_ PragmaOptions=_XLX_SEP_ [-Wdump-hls-pragmas]
#pragma HLS UNROLL
        ^
/media/ryanfeng/HardDisk/Study/Git_Repos/streaming_arc/vitis/source/one_layer.hpp:763:9: warning: HLS pragma dump _XLX_SEP_ PragmaIsValid=1_XLX_SEP_ PragmaType=pipeline_XLX_SEP_ PragmaContext=_XLX_SEP_ PragmaFunction=Mac_short_2_XLX_SEP_ PragmaOptions=_XLX_SEP_ [-Wdump-hls-pragmas]
#pragma HLS PIPELINE
        ^
/media/ryanfeng/HardDisk/Study/Git_Repos/streaming_arc/vitis/source/one_layer.hpp:766:9: warning: HLS pragma dump _XLX_SEP_ PragmaIsValid=1_XLX_SEP_ PragmaType=pipeline_XLX_SEP_ PragmaContext=_XLX_SEP_ PragmaFunction=Mac_short_2_XLX_SEP_ PragmaOptions=_XLX_SEP_ [-Wdump-hls-pragmas]
#pragma HLS PIPELINE
        ^
/media/ryanfeng/HardDisk/Study/Git_Repos/streaming_arc/vitis/source/one_layer.hpp:769:9: warning: HLS pragma dump _XLX_SEP_ PragmaIsValid=1_XLX_SEP_ PragmaType=pipeline_XLX_SEP_ PragmaContext=_XLX_SEP_ PragmaFunction=Mac_short_2_XLX_SEP_ PragmaOptions=_XLX_SEP_ [-Wdump-hls-pragmas]
#pragma HLS PIPELINE
        ^
/media/ryanfeng/HardDisk/Study/Git_Repos/streaming_arc/vitis/source/one_layer.hpp:772:9: warning: HLS pragma dump _XLX_SEP_ PragmaIsValid=1_XLX_SEP_ PragmaType=unroll_XLX_SEP_ PragmaContext=_XLX_SEP_ PragmaFunction=Mac_short_2_XLX_SEP_ PragmaOptions=_XLX_SEP_ [-Wdump-hls-pragmas]
#pragma HLS UNROLL
        ^
/media/ryanfeng/HardDisk/Study/Git_Repos/streaming_arc/vitis/source/one_layer.hpp:781:9: warning: HLS pragma dump _XLX_SEP_ PragmaIsValid=1_XLX_SEP_ PragmaType=unroll_XLX_SEP_ PragmaContext=_XLX_SEP_ PragmaFunction=Mac_short_2_XLX_SEP_ PragmaOptions=_XLX_SEP_ [-Wdump-hls-pragmas]
#pragma HLS UNROLL
        ^
/media/ryanfeng/HardDisk/Study/Git_Repos/streaming_arc/vitis/source/one_layer.hpp:795:9: warning: HLS pragma dump _XLX_SEP_ PragmaIsValid=1_XLX_SEP_ PragmaType=pipeline_XLX_SEP_ PragmaContext=_XLX_SEP_ PragmaFunction=Mac_short_2_XLX_SEP_ PragmaOptions=II=1_XLX_SEP_ [-Wdump-hls-pragmas]
#pragma HLS PIPELINE II=1
        ^
/media/ryanfeng/HardDisk/Study/Git_Repos/streaming_arc/vitis/source/one_layer.hpp:843:9: warning: HLS pragma dump _XLX_SEP_ PragmaIsValid=1_XLX_SEP_ PragmaType=pipeline_XLX_SEP_ PragmaContext=_XLX_SEP_ PragmaFunction=Padding_XLX_SEP_ PragmaOptions=II=1_XLX_SEP_ [-Wdump-hls-pragmas]
#pragma HLS PIPELINE II=1
        ^
/media/ryanfeng/HardDisk/Study/Git_Repos/streaming_arc/vitis/source/one_layer.hpp:885:9: warning: HLS pragma dump _XLX_SEP_ PragmaIsValid=1_XLX_SEP_ PragmaType=pipeline_XLX_SEP_ PragmaContext=_XLX_SEP_ PragmaFunction=Pooling_XLX_SEP_ PragmaOptions=II=1_XLX_SEP_ [-Wdump-hls-pragmas]
#pragma HLS PIPELINE II=1
        ^
/media/ryanfeng/HardDisk/Study/Git_Repos/streaming_arc/vitis/source/one_layer.hpp:897:9: warning: HLS pragma dump _XLX_SEP_ PragmaIsValid=1_XLX_SEP_ PragmaType=unroll_XLX_SEP_ PragmaContext=_XLX_SEP_ PragmaFunction=Pooling_XLX_SEP_ PragmaOptions=_XLX_SEP_ [-Wdump-hls-pragmas]
#pragma HLS UNROLL
        ^
/media/ryanfeng/HardDisk/Study/Git_Repos/streaming_arc/vitis/source/one_layer.hpp:921:9: warning: HLS pragma dump _XLX_SEP_ PragmaIsValid=1_XLX_SEP_ PragmaType=unroll_XLX_SEP_ PragmaContext=_XLX_SEP_ PragmaFunction=Pooling_XLX_SEP_ PragmaOptions=_XLX_SEP_ [-Wdump-hls-pragmas]
#pragma HLS UNROLL
        ^
/media/ryanfeng/HardDisk/Study/Git_Repos/streaming_arc/vitis/source/one_layer.hpp:938:9: warning: HLS pragma dump _XLX_SEP_ PragmaIsValid=1_XLX_SEP_ PragmaType=pipeline_XLX_SEP_ PragmaContext=_XLX_SEP_ PragmaFunction=Pooling_XLX_SEP_ PragmaOptions=II=1_XLX_SEP_ [-Wdump-hls-pragmas]
#pragma HLS PIPELINE II=1
        ^
directive:1:9: warning: HLS pragma dump _XLX_SEP_ PragmaIsValid=1_XLX_SEP_ PragmaType=top_XLX_SEP_ PragmaContext=directive_XLX_SEP_ PragmaFunction=one_layer_XLX_SEP_ PragmaOptions=name=one_layer_XLX_SEP_ [-Wdump-hls-pragmas]
#pragma HLSDIRECTIVE TOP name=one_layer
        ^
/media/ryanfeng/HardDisk/Study/Git_Repos/streaming_arc/vitis/source/one_layer.cpp:30:9: warning: HLS pragma dump _XLX_SEP_ PragmaIsValid=1_XLX_SEP_ PragmaType=interface_XLX_SEP_ PragmaContext=_XLX_SEP_ PragmaFunction=one_layer_XLX_SEP_ PragmaOptions=m_axi port= buffer_IFM offset=slave bundle=gmem0 max_read_burst_length=64 max_write_burst_length=64_XLX_SEP_ [-Wdump-hls-pragmas]
#pragma HLS INTERFACE m_axi port= buffer_IFM offset=slave bundle=gmem0 max_read_burst_length=64 max_write_burst_length=64
        ^
/media/ryanfeng/HardDisk/Study/Git_Repos/streaming_arc/vitis/source/one_layer.cpp:31:9: warning: HLS pragma dump _XLX_SEP_ PragmaIsValid=1_XLX_SEP_ PragmaType=interface_XLX_SEP_ PragmaContext=_XLX_SEP_ PragmaFunction=one_layer_XLX_SEP_ PragmaOptions=m_axi port= buffer_weight1 offset=slave bundle=gmem1 max_read_burst_length=64 max_write_burst_length=64_XLX_SEP_ [-Wdump-hls-pragmas]
#pragma HLS INTERFACE m_axi port= buffer_weight1 offset=slave bundle=gmem1 max_read_burst_length=64 max_write_burst_length=64
        ^
/media/ryanfeng/HardDisk/Study/Git_Repos/streaming_arc/vitis/source/one_layer.cpp:32:9: warning: HLS pragma dump _XLX_SEP_ PragmaIsValid=1_XLX_SEP_ PragmaType=interface_XLX_SEP_ PragmaContext=_XLX_SEP_ PragmaFunction=one_layer_XLX_SEP_ PragmaOptions=m_axi port= buffer_weight2 offset=slave bundle=gmem2 max_read_burst_length=64 max_write_burst_length=64_XLX_SEP_ [-Wdump-hls-pragmas]
#pragma HLS INTERFACE m_axi port= buffer_weight2 offset=slave bundle=gmem2 max_read_burst_length=64 max_write_burst_length=64
        ^
/media/ryanfeng/HardDisk/Study/Git_Repos/streaming_arc/vitis/source/one_layer.cpp:33:9: warning: HLS pragma dump _XLX_SEP_ PragmaIsValid=1_XLX_SEP_ PragmaType=interface_XLX_SEP_ PragmaContext=_XLX_SEP_ PragmaFunction=one_layer_XLX_SEP_ PragmaOptions=m_axi port= buffer_weight3 offset=slave bundle=gmem3 max_read_burst_length=64 max_write_burst_length=64_XLX_SEP_ [-Wdump-hls-pragmas]
#pragma HLS INTERFACE m_axi port= buffer_weight3 offset=slave bundle=gmem3 max_read_burst_length=64 max_write_burst_length=64
        ^
/media/ryanfeng/HardDisk/Study/Git_Repos/streaming_arc/vitis/source/one_layer.cpp:34:9: warning: HLS pragma dump _XLX_SEP_ PragmaIsValid=1_XLX_SEP_ PragmaType=interface_XLX_SEP_ PragmaContext=_XLX_SEP_ PragmaFunction=one_layer_XLX_SEP_ PragmaOptions=m_axi port= buffer_weight4 offset=slave bundle=gmem4 max_read_burst_length=64 max_write_burst_length=64_XLX_SEP_ [-Wdump-hls-pragmas]
#pragma HLS INTERFACE m_axi port= buffer_weight4 offset=slave bundle=gmem4 max_read_burst_length=64 max_write_burst_length=64
        ^
/media/ryanfeng/HardDisk/Study/Git_Repos/streaming_arc/vitis/source/one_layer.cpp:35:9: warning: HLS pragma dump _XLX_SEP_ PragmaIsValid=1_XLX_SEP_ PragmaType=interface_XLX_SEP_ PragmaContext=_XLX_SEP_ PragmaFunction=one_layer_XLX_SEP_ PragmaOptions=m_axi port= buffer_weight5 offset=slave bundle=gmem5 max_read_burst_length=64 max_write_burst_length=64_XLX_SEP_ [-Wdump-hls-pragmas]
#pragma HLS INTERFACE m_axi port= buffer_weight5 offset=slave bundle=gmem5 max_read_burst_length=64 max_write_burst_length=64
        ^
/media/ryanfeng/HardDisk/Study/Git_Repos/streaming_arc/vitis/source/one_layer.cpp:36:9: warning: HLS pragma dump _XLX_SEP_ PragmaIsValid=1_XLX_SEP_ PragmaType=interface_XLX_SEP_ PragmaContext=_XLX_SEP_ PragmaFunction=one_layer_XLX_SEP_ PragmaOptions=m_axi port= buffer_weight6 offset=slave bundle=gmem6 max_read_burst_length=64 max_write_burst_length=64_XLX_SEP_ [-Wdump-hls-pragmas]
#pragma HLS INTERFACE m_axi port= buffer_weight6 offset=slave bundle=gmem6 max_read_burst_length=64 max_write_burst_length=64
        ^
/media/ryanfeng/HardDisk/Study/Git_Repos/streaming_arc/vitis/source/one_layer.cpp:37:9: warning: HLS pragma dump _XLX_SEP_ PragmaIsValid=1_XLX_SEP_ PragmaType=interface_XLX_SEP_ PragmaContext=_XLX_SEP_ PragmaFunction=one_layer_XLX_SEP_ PragmaOptions=m_axi port= buffer_weight7 offset=slave bundle=gmem7 max_read_burst_length=64 max_write_burst_length=64_XLX_SEP_ [-Wdump-hls-pragmas]
#pragma HLS INTERFACE m_axi port= buffer_weight7 offset=slave bundle=gmem7 max_read_burst_length=64 max_write_burst_length=64
        ^
/media/ryanfeng/HardDisk/Study/Git_Repos/streaming_arc/vitis/source/one_layer.cpp:38:9: warning: HLS pragma dump _XLX_SEP_ PragmaIsValid=1_XLX_SEP_ PragmaType=interface_XLX_SEP_ PragmaContext=_XLX_SEP_ PragmaFunction=one_layer_XLX_SEP_ PragmaOptions=m_axi port= buffer_weight8 offset=slave bundle=gmem8 max_read_burst_length=64 max_write_burst_length=64_XLX_SEP_ [-Wdump-hls-pragmas]
#pragma HLS INTERFACE m_axi port= buffer_weight8 offset=slave bundle=gmem8 max_read_burst_length=64 max_write_burst_length=64
        ^
/media/ryanfeng/HardDisk/Study/Git_Repos/streaming_arc/vitis/source/one_layer.cpp:39:9: warning: HLS pragma dump _XLX_SEP_ PragmaIsValid=1_XLX_SEP_ PragmaType=interface_XLX_SEP_ PragmaContext=_XLX_SEP_ PragmaFunction=one_layer_XLX_SEP_ PragmaOptions=m_axi port= buffer_weight9 offset=slave bundle=gmem9 max_read_burst_length=64 max_write_burst_length=64_XLX_SEP_ [-Wdump-hls-pragmas]
#pragma HLS INTERFACE m_axi port= buffer_weight9 offset=slave bundle=gmem9 max_read_burst_length=64 max_write_burst_length=64
        ^
/media/ryanfeng/HardDisk/Study/Git_Repos/streaming_arc/vitis/source/one_layer.cpp:40:9: warning: HLS pragma dump _XLX_SEP_ PragmaIsValid=1_XLX_SEP_ PragmaType=interface_XLX_SEP_ PragmaContext=_XLX_SEP_ PragmaFunction=one_layer_XLX_SEP_ PragmaOptions=m_axi port= buffer_weight10 offset=slave bundle=gmem10 max_read_burst_length=64 max_write_burst_length=64_XLX_SEP_ [-Wdump-hls-pragmas]
#pragma HLS INTERFACE m_axi port= buffer_weight10 offset=slave bundle=gmem10 max_read_burst_length=64 max_write_burst_length=64
        ^
/media/ryanfeng/HardDisk/Study/Git_Repos/streaming_arc/vitis/source/one_layer.cpp:41:9: warning: HLS pragma dump _XLX_SEP_ PragmaIsValid=1_XLX_SEP_ PragmaType=interface_XLX_SEP_ PragmaContext=_XLX_SEP_ PragmaFunction=one_layer_XLX_SEP_ PragmaOptions=m_axi port= buffer_weight11 offset=slave bundle=gmem11 max_read_burst_length=64 max_write_burst_length=64_XLX_SEP_ [-Wdump-hls-pragmas]
#pragma HLS INTERFACE m_axi port= buffer_weight11 offset=slave bundle=gmem11 max_read_burst_length=64 max_write_burst_length=64
        ^
/media/ryanfeng/HardDisk/Study/Git_Repos/streaming_arc/vitis/source/one_layer.cpp:42:9: warning: HLS pragma dump _XLX_SEP_ PragmaIsValid=1_XLX_SEP_ PragmaType=interface_XLX_SEP_ PragmaContext=_XLX_SEP_ PragmaFunction=one_layer_XLX_SEP_ PragmaOptions=m_axi port= buffer_weight12 offset=slave bundle=gmem12 max_read_burst_length=64 max_write_burst_length=64_XLX_SEP_ [-Wdump-hls-pragmas]
#pragma HLS INTERFACE m_axi port= buffer_weight12 offset=slave bundle=gmem12 max_read_burst_length=64 max_write_burst_length=64
        ^
/media/ryanfeng/HardDisk/Study/Git_Repos/streaming_arc/vitis/source/one_layer.cpp:43:9: warning: HLS pragma dump _XLX_SEP_ PragmaIsValid=1_XLX_SEP_ PragmaType=interface_XLX_SEP_ PragmaContext=_XLX_SEP_ PragmaFunction=one_layer_XLX_SEP_ PragmaOptions=m_axi port= buffer_weight13 offset=slave bundle=gmem13 max_read_burst_length=64 max_write_burst_length=64_XLX_SEP_ [-Wdump-hls-pragmas]
#pragma HLS INTERFACE m_axi port= buffer_weight13 offset=slave bundle=gmem13 max_read_burst_length=64 max_write_burst_length=64
        ^
/media/ryanfeng/HardDisk/Study/Git_Repos/streaming_arc/vitis/source/one_layer.cpp:44:9: warning: HLS pragma dump _XLX_SEP_ PragmaIsValid=1_XLX_SEP_ PragmaType=interface_XLX_SEP_ PragmaContext=_XLX_SEP_ PragmaFunction=one_layer_XLX_SEP_ PragmaOptions=m_axi port= buffer_weight14 offset=slave bundle=gmem14 max_read_burst_length=64 max_write_burst_length=64_XLX_SEP_ [-Wdump-hls-pragmas]
#pragma HLS INTERFACE m_axi port= buffer_weight14 offset=slave bundle=gmem14 max_read_burst_length=64 max_write_burst_length=64
        ^
/media/ryanfeng/HardDisk/Study/Git_Repos/streaming_arc/vitis/source/one_layer.cpp:45:9: warning: HLS pragma dump _XLX_SEP_ PragmaIsValid=1_XLX_SEP_ PragmaType=interface_XLX_SEP_ PragmaContext=_XLX_SEP_ PragmaFunction=one_layer_XLX_SEP_ PragmaOptions=m_axi port= buffer_weight15 offset=slave bundle=gmem15 max_read_burst_length=64 max_write_burst_length=64_XLX_SEP_ [-Wdump-hls-pragmas]
#pragma HLS INTERFACE m_axi port= buffer_weight15 offset=slave bundle=gmem15 max_read_burst_length=64 max_write_burst_length=64
        ^
/media/ryanfeng/HardDisk/Study/Git_Repos/streaming_arc/vitis/source/one_layer.cpp:46:9: warning: HLS pragma dump _XLX_SEP_ PragmaIsValid=1_XLX_SEP_ PragmaType=interface_XLX_SEP_ PragmaContext=_XLX_SEP_ PragmaFunction=one_layer_XLX_SEP_ PragmaOptions=m_axi port= buffer_weight16 offset=slave bundle=gmem16 max_read_burst_length=64 max_write_burst_length=64_XLX_SEP_ [-Wdump-hls-pragmas]
#pragma HLS INTERFACE m_axi port= buffer_weight16 offset=slave bundle=gmem16 max_read_burst_length=64 max_write_burst_length=64
        ^
/media/ryanfeng/HardDisk/Study/Git_Repos/streaming_arc/vitis/source/one_layer.cpp:47:9: warning: HLS pragma dump _XLX_SEP_ PragmaIsValid=1_XLX_SEP_ PragmaType=interface_XLX_SEP_ PragmaContext=_XLX_SEP_ PragmaFunction=one_layer_XLX_SEP_ PragmaOptions=m_axi port=buffer_out offset=slave bundle=gmem17 max_read_burst_length=64 max_write_burst_length=64_XLX_SEP_ [-Wdump-hls-pragmas]
#pragma HLS INTERFACE m_axi port=buffer_out offset=slave bundle=gmem17 max_read_burst_length=64 max_write_burst_length=64
        ^
/media/ryanfeng/HardDisk/Study/Git_Repos/streaming_arc/vitis/source/one_layer.cpp:48:9: warning: HLS pragma dump _XLX_SEP_ PragmaIsValid=1_XLX_SEP_ PragmaType=interface_XLX_SEP_ PragmaContext=_XLX_SEP_ PragmaFunction=one_layer_XLX_SEP_ PragmaOptions=s_axilite port=buffer_IFM bundle=control_XLX_SEP_ [-Wdump-hls-pragmas]
#pragma HLS INTERFACE s_axilite port=buffer_IFM bundle=control
        ^
/media/ryanfeng/HardDisk/Study/Git_Repos/streaming_arc/vitis/source/one_layer.cpp:49:9: warning: HLS pragma dump _XLX_SEP_ PragmaIsValid=1_XLX_SEP_ PragmaType=interface_XLX_SEP_ PragmaContext=_XLX_SEP_ PragmaFunction=one_layer_XLX_SEP_ PragmaOptions=s_axilite port=buffer_weight1 bundle=control_XLX_SEP_ [-Wdump-hls-pragmas]
#pragma HLS INTERFACE s_axilite port=buffer_weight1 bundle=control
        ^
/media/ryanfeng/HardDisk/Study/Git_Repos/streaming_arc/vitis/source/one_layer.cpp:50:9: warning: HLS pragma dump _XLX_SEP_ PragmaIsValid=1_XLX_SEP_ PragmaType=interface_XLX_SEP_ PragmaContext=_XLX_SEP_ PragmaFunction=one_layer_XLX_SEP_ PragmaOptions=s_axilite port=buffer_weight2 bundle=control_XLX_SEP_ [-Wdump-hls-pragmas]
#pragma HLS INTERFACE s_axilite port=buffer_weight2 bundle=control
        ^
/media/ryanfeng/HardDisk/Study/Git_Repos/streaming_arc/vitis/source/one_layer.cpp:51:9: warning: HLS pragma dump _XLX_SEP_ PragmaIsValid=1_XLX_SEP_ PragmaType=interface_XLX_SEP_ PragmaContext=_XLX_SEP_ PragmaFunction=one_layer_XLX_SEP_ PragmaOptions=s_axilite port=buffer_weight3 bundle=control_XLX_SEP_ [-Wdump-hls-pragmas]
#pragma HLS INTERFACE s_axilite port=buffer_weight3 bundle=control
        ^
/media/ryanfeng/HardDisk/Study/Git_Repos/streaming_arc/vitis/source/one_layer.cpp:52:9: warning: HLS pragma dump _XLX_SEP_ PragmaIsValid=1_XLX_SEP_ PragmaType=interface_XLX_SEP_ PragmaContext=_XLX_SEP_ PragmaFunction=one_layer_XLX_SEP_ PragmaOptions=s_axilite port=buffer_weight4 bundle=control_XLX_SEP_ [-Wdump-hls-pragmas]
#pragma HLS INTERFACE s_axilite port=buffer_weight4 bundle=control
        ^
/media/ryanfeng/HardDisk/Study/Git_Repos/streaming_arc/vitis/source/one_layer.cpp:53:9: warning: HLS pragma dump _XLX_SEP_ PragmaIsValid=1_XLX_SEP_ PragmaType=interface_XLX_SEP_ PragmaContext=_XLX_SEP_ PragmaFunction=one_layer_XLX_SEP_ PragmaOptions=s_axilite port=buffer_weight5 bundle=control_XLX_SEP_ [-Wdump-hls-pragmas]
#pragma HLS INTERFACE s_axilite port=buffer_weight5 bundle=control
        ^
/media/ryanfeng/HardDisk/Study/Git_Repos/streaming_arc/vitis/source/one_layer.cpp:54:9: warning: HLS pragma dump _XLX_SEP_ PragmaIsValid=1_XLX_SEP_ PragmaType=interface_XLX_SEP_ PragmaContext=_XLX_SEP_ PragmaFunction=one_layer_XLX_SEP_ PragmaOptions=s_axilite port=buffer_weight6 bundle=control_XLX_SEP_ [-Wdump-hls-pragmas]
#pragma HLS INTERFACE s_axilite port=buffer_weight6 bundle=control
        ^
/media/ryanfeng/HardDisk/Study/Git_Repos/streaming_arc/vitis/source/one_layer.cpp:55:9: warning: HLS pragma dump _XLX_SEP_ PragmaIsValid=1_XLX_SEP_ PragmaType=interface_XLX_SEP_ PragmaContext=_XLX_SEP_ PragmaFunction=one_layer_XLX_SEP_ PragmaOptions=s_axilite port=buffer_weight7 bundle=control_XLX_SEP_ [-Wdump-hls-pragmas]
#pragma HLS INTERFACE s_axilite port=buffer_weight7 bundle=control
        ^
/media/ryanfeng/HardDisk/Study/Git_Repos/streaming_arc/vitis/source/one_layer.cpp:56:9: warning: HLS pragma dump _XLX_SEP_ PragmaIsValid=1_XLX_SEP_ PragmaType=interface_XLX_SEP_ PragmaContext=_XLX_SEP_ PragmaFunction=one_layer_XLX_SEP_ PragmaOptions=s_axilite port=buffer_weight8 bundle=control_XLX_SEP_ [-Wdump-hls-pragmas]
#pragma HLS INTERFACE s_axilite port=buffer_weight8 bundle=control
        ^
/media/ryanfeng/HardDisk/Study/Git_Repos/streaming_arc/vitis/source/one_layer.cpp:57:9: warning: HLS pragma dump _XLX_SEP_ PragmaIsValid=1_XLX_SEP_ PragmaType=interface_XLX_SEP_ PragmaContext=_XLX_SEP_ PragmaFunction=one_layer_XLX_SEP_ PragmaOptions=s_axilite port=buffer_weight9 bundle=control_XLX_SEP_ [-Wdump-hls-pragmas]
#pragma HLS INTERFACE s_axilite port=buffer_weight9 bundle=control
        ^
/media/ryanfeng/HardDisk/Study/Git_Repos/streaming_arc/vitis/source/one_layer.cpp:58:9: warning: HLS pragma dump _XLX_SEP_ PragmaIsValid=1_XLX_SEP_ PragmaType=interface_XLX_SEP_ PragmaContext=_XLX_SEP_ PragmaFunction=one_layer_XLX_SEP_ PragmaOptions=s_axilite port=buffer_weight10 bundle=control_XLX_SEP_ [-Wdump-hls-pragmas]
#pragma HLS INTERFACE s_axilite port=buffer_weight10 bundle=control
        ^
/media/ryanfeng/HardDisk/Study/Git_Repos/streaming_arc/vitis/source/one_layer.cpp:59:9: warning: HLS pragma dump _XLX_SEP_ PragmaIsValid=1_XLX_SEP_ PragmaType=interface_XLX_SEP_ PragmaContext=_XLX_SEP_ PragmaFunction=one_layer_XLX_SEP_ PragmaOptions=s_axilite port=buffer_weight11 bundle=control_XLX_SEP_ [-Wdump-hls-pragmas]
#pragma HLS INTERFACE s_axilite port=buffer_weight11 bundle=control
        ^
/media/ryanfeng/HardDisk/Study/Git_Repos/streaming_arc/vitis/source/one_layer.cpp:60:9: warning: HLS pragma dump _XLX_SEP_ PragmaIsValid=1_XLX_SEP_ PragmaType=interface_XLX_SEP_ PragmaContext=_XLX_SEP_ PragmaFunction=one_layer_XLX_SEP_ PragmaOptions=s_axilite port=buffer_weight12 bundle=control_XLX_SEP_ [-Wdump-hls-pragmas]
#pragma HLS INTERFACE s_axilite port=buffer_weight12 bundle=control
        ^
/media/ryanfeng/HardDisk/Study/Git_Repos/streaming_arc/vitis/source/one_layer.cpp:61:9: warning: HLS pragma dump _XLX_SEP_ PragmaIsValid=1_XLX_SEP_ PragmaType=interface_XLX_SEP_ PragmaContext=_XLX_SEP_ PragmaFunction=one_layer_XLX_SEP_ PragmaOptions=s_axilite port=buffer_weight13 bundle=control_XLX_SEP_ [-Wdump-hls-pragmas]
#pragma HLS INTERFACE s_axilite port=buffer_weight13 bundle=control
        ^
/media/ryanfeng/HardDisk/Study/Git_Repos/streaming_arc/vitis/source/one_layer.cpp:62:9: warning: HLS pragma dump _XLX_SEP_ PragmaIsValid=1_XLX_SEP_ PragmaType=interface_XLX_SEP_ PragmaContext=_XLX_SEP_ PragmaFunction=one_layer_XLX_SEP_ PragmaOptions=s_axilite port=buffer_weight14 bundle=control_XLX_SEP_ [-Wdump-hls-pragmas]
#pragma HLS INTERFACE s_axilite port=buffer_weight14 bundle=control
        ^
/media/ryanfeng/HardDisk/Study/Git_Repos/streaming_arc/vitis/source/one_layer.cpp:63:9: warning: HLS pragma dump _XLX_SEP_ PragmaIsValid=1_XLX_SEP_ PragmaType=interface_XLX_SEP_ PragmaContext=_XLX_SEP_ PragmaFunction=one_layer_XLX_SEP_ PragmaOptions=s_axilite port=buffer_weight15 bundle=control_XLX_SEP_ [-Wdump-hls-pragmas]
#pragma HLS INTERFACE s_axilite port=buffer_weight15 bundle=control
        ^
/media/ryanfeng/HardDisk/Study/Git_Repos/streaming_arc/vitis/source/one_layer.cpp:64:9: warning: HLS pragma dump _XLX_SEP_ PragmaIsValid=1_XLX_SEP_ PragmaType=interface_XLX_SEP_ PragmaContext=_XLX_SEP_ PragmaFunction=one_layer_XLX_SEP_ PragmaOptions=s_axilite port=buffer_weight16 bundle=control_XLX_SEP_ [-Wdump-hls-pragmas]
#pragma HLS INTERFACE s_axilite port=buffer_weight16 bundle=control
        ^
/media/ryanfeng/HardDisk/Study/Git_Repos/streaming_arc/vitis/source/one_layer.cpp:65:9: warning: HLS pragma dump _XLX_SEP_ PragmaIsValid=1_XLX_SEP_ PragmaType=interface_XLX_SEP_ PragmaContext=_XLX_SEP_ PragmaFunction=one_layer_XLX_SEP_ PragmaOptions=s_axilite port=buffer_out bundle=control_XLX_SEP_ [-Wdump-hls-pragmas]
#pragma HLS INTERFACE s_axilite port=buffer_out bundle=control
        ^
/media/ryanfeng/HardDisk/Study/Git_Repos/streaming_arc/vitis/source/one_layer.cpp:66:9: warning: HLS pragma dump _XLX_SEP_ PragmaIsValid=1_XLX_SEP_ PragmaType=interface_XLX_SEP_ PragmaContext=_XLX_SEP_ PragmaFunction=one_layer_XLX_SEP_ PragmaOptions=s_axilite port=return bundle=control_XLX_SEP_ [-Wdump-hls-pragmas]
#pragma HLS INTERFACE s_axilite port=return bundle=control
        ^
/media/ryanfeng/HardDisk/Study/Git_Repos/streaming_arc/vitis/source/one_layer.cpp:156:9: warning: HLS pragma dump _XLX_SEP_ PragmaIsValid=1_XLX_SEP_ PragmaType=stream_XLX_SEP_ PragmaContext=_XLX_SEP_ PragmaFunction=one_layer_XLX_SEP_ PragmaOptions=variable = w1 depth = 234_XLX_SEP_ [-Wdump-hls-pragmas]
#pragma HLS STREAM variable = w1 depth = 234
        ^
/media/ryanfeng/HardDisk/Study/Git_Repos/streaming_arc/vitis/source/one_layer.cpp:157:9: warning: HLS pragma dump _XLX_SEP_ PragmaIsValid=1_XLX_SEP_ PragmaType=stream_XLX_SEP_ PragmaContext=_XLX_SEP_ PragmaFunction=one_layer_XLX_SEP_ PragmaOptions=variable = IFM1 depth = 1156_XLX_SEP_ [-Wdump-hls-pragmas]
#pragma HLS STREAM variable = IFM1 depth = 1156
        ^
/media/ryanfeng/HardDisk/Study/Git_Repos/streaming_arc/vitis/source/one_layer.cpp:158:9: warning: HLS pragma dump _XLX_SEP_ PragmaIsValid=1_XLX_SEP_ PragmaType=stream_XLX_SEP_ PragmaContext=_XLX_SEP_ PragmaFunction=one_layer_XLX_SEP_ PragmaOptions=variable = IFM1_through_G depth = 26_XLX_SEP_ [-Wdump-hls-pragmas]
#pragma HLS STREAM variable = IFM1_through_G depth = 26
        ^
/media/ryanfeng/HardDisk/Study/Git_Repos/streaming_arc/vitis/source/one_layer.cpp:159:9: warning: HLS pragma dump _XLX_SEP_ PragmaIsValid=1_XLX_SEP_ PragmaType=stream_XLX_SEP_ PragmaContext=_XLX_SEP_ PragmaFunction=one_layer_XLX_SEP_ PragmaOptions=variable = Mul_result_1 depth = 8_XLX_SEP_ [-Wdump-hls-pragmas]
#pragma HLS STREAM variable = Mul_result_1 depth = 8
        ^
/media/ryanfeng/HardDisk/Study/Git_Repos/streaming_arc/vitis/source/one_layer.cpp:161:9: warning: HLS pragma dump _XLX_SEP_ PragmaIsValid=1_XLX_SEP_ PragmaType=stream_XLX_SEP_ PragmaContext=_XLX_SEP_ PragmaFunction=one_layer_XLX_SEP_ PragmaOptions=variable = w2 depth = 324_XLX_SEP_ [-Wdump-hls-pragmas]
#pragma HLS STREAM variable = w2 depth = 324
        ^
/media/ryanfeng/HardDisk/Study/Git_Repos/streaming_arc/vitis/source/one_layer.cpp:162:9: warning: HLS pragma dump _XLX_SEP_ PragmaIsValid=1_XLX_SEP_ PragmaType=stream_XLX_SEP_ PragmaContext=_XLX_SEP_ PragmaFunction=one_layer_XLX_SEP_ PragmaOptions=variable = IFM2 depth = 2312_XLX_SEP_ [-Wdump-hls-pragmas]
#pragma HLS STREAM variable = IFM2 depth = 2312
        ^
/media/ryanfeng/HardDisk/Study/Git_Repos/streaming_arc/vitis/source/one_layer.cpp:163:9: warning: HLS pragma dump _XLX_SEP_ PragmaIsValid=1_XLX_SEP_ PragmaType=stream_XLX_SEP_ PragmaContext=_XLX_SEP_ PragmaFunction=one_layer_XLX_SEP_ PragmaOptions=variable = IFM2_through_G depth = 36_XLX_SEP_ [-Wdump-hls-pragmas]
#pragma HLS STREAM variable = IFM2_through_G depth = 36
        ^
/media/ryanfeng/HardDisk/Study/Git_Repos/streaming_arc/vitis/source/one_layer.cpp:164:9: warning: HLS pragma dump _XLX_SEP_ PragmaIsValid=1_XLX_SEP_ PragmaType=stream_XLX_SEP_ PragmaContext=_XLX_SEP_ PragmaFunction=one_layer_XLX_SEP_ PragmaOptions=variable = Mul_result_2 depth = 128_XLX_SEP_ [-Wdump-hls-pragmas]
#pragma HLS STREAM variable = Mul_result_2 depth = 128
        ^
/media/ryanfeng/HardDisk/Study/Git_Repos/streaming_arc/vitis/source/one_layer.cpp:165:9: warning: HLS pragma dump _XLX_SEP_ PragmaIsValid=1_XLX_SEP_ PragmaType=stream_XLX_SEP_ PragmaContext=_XLX_SEP_ PragmaFunction=one_layer_XLX_SEP_ PragmaOptions=variable = Mul_pooling_2 depth = 64_XLX_SEP_ [-Wdump-hls-pragmas]
#pragma HLS STREAM variable = Mul_pooling_2 depth = 64
        ^
/media/ryanfeng/HardDisk/Study/Git_Repos/streaming_arc/vitis/source/one_layer.cpp:167:9: warning: HLS pragma dump _XLX_SEP_ PragmaIsValid=1_XLX_SEP_ PragmaType=stream_XLX_SEP_ PragmaContext=_XLX_SEP_ PragmaFunction=one_layer_XLX_SEP_ PragmaOptions=variable = w3 depth = 180_XLX_SEP_ [-Wdump-hls-pragmas]
#pragma HLS STREAM variable = w3 depth = 180
        ^
/media/ryanfeng/HardDisk/Study/Git_Repos/streaming_arc/vitis/source/one_layer.cpp:168:9: warning: HLS pragma dump _XLX_SEP_ PragmaIsValid=1_XLX_SEP_ PragmaType=stream_XLX_SEP_ PragmaContext=_XLX_SEP_ PragmaFunction=one_layer_XLX_SEP_ PragmaOptions=variable = IFM3 depth = 648_XLX_SEP_ [-Wdump-hls-pragmas]
#pragma HLS STREAM variable = IFM3 depth = 648
        ^
/media/ryanfeng/HardDisk/Study/Git_Repos/streaming_arc/vitis/source/one_layer.cpp:169:9: warning: HLS pragma dump _XLX_SEP_ PragmaIsValid=1_XLX_SEP_ PragmaType=stream_XLX_SEP_ PragmaContext=_XLX_SEP_ PragmaFunction=one_layer_XLX_SEP_ PragmaOptions=variable = IFM3_through_G depth = 20_XLX_SEP_ [-Wdump-hls-pragmas]
#pragma HLS STREAM variable = IFM3_through_G depth = 20
        ^
/media/ryanfeng/HardDisk/Study/Git_Repos/streaming_arc/vitis/source/one_layer.cpp:170:9: warning: HLS pragma dump _XLX_SEP_ PragmaIsValid=1_XLX_SEP_ PragmaType=stream_XLX_SEP_ PragmaContext=_XLX_SEP_ PragmaFunction=one_layer_XLX_SEP_ PragmaOptions=variable = Mul_result_3 depth = 16_XLX_SEP_ [-Wdump-hls-pragmas]
#pragma HLS STREAM variable = Mul_result_3 depth = 16
        ^
/media/ryanfeng/HardDisk/Study/Git_Repos/streaming_arc/vitis/source/one_layer.cpp:172:9: warning: HLS pragma dump _XLX_SEP_ PragmaIsValid=1_XLX_SEP_ PragmaType=stream_XLX_SEP_ PragmaContext=_XLX_SEP_ PragmaFunction=one_layer_XLX_SEP_ PragmaOptions=variable = w4 depth = 360_XLX_SEP_ [-Wdump-hls-pragmas]
#pragma HLS STREAM variable = w4 depth = 360
        ^
/media/ryanfeng/HardDisk/Study/Git_Repos/streaming_arc/vitis/source/one_layer.cpp:173:9: warning: HLS pragma dump _XLX_SEP_ PragmaIsValid=1_XLX_SEP_ PragmaType=stream_XLX_SEP_ PragmaContext=_XLX_SEP_ PragmaFunction=one_layer_XLX_SEP_ PragmaOptions=variable = IFM4 depth = 1296_XLX_SEP_ [-Wdump-hls-pragmas]
#pragma HLS STREAM variable = IFM4 depth = 1296
        ^
/media/ryanfeng/HardDisk/Study/Git_Repos/streaming_arc/vitis/source/one_layer.cpp:174:9: warning: HLS pragma dump _XLX_SEP_ PragmaIsValid=1_XLX_SEP_ PragmaType=stream_XLX_SEP_ PragmaContext=_XLX_SEP_ PragmaFunction=one_layer_XLX_SEP_ PragmaOptions=variable = IFM4_through_G depth = 40_XLX_SEP_ [-Wdump-hls-pragmas]
#pragma HLS STREAM variable = IFM4_through_G depth = 40
        ^
/media/ryanfeng/HardDisk/Study/Git_Repos/streaming_arc/vitis/source/one_layer.cpp:175:9: warning: HLS pragma dump _XLX_SEP_ PragmaIsValid=1_XLX_SEP_ PragmaType=stream_XLX_SEP_ PragmaContext=_XLX_SEP_ PragmaFunction=one_layer_XLX_SEP_ PragmaOptions=variable = Mul_result_4 depth = 128_XLX_SEP_ [-Wdump-hls-pragmas]
#pragma HLS STREAM variable = Mul_result_4 depth = 128
        ^
/media/ryanfeng/HardDisk/Study/Git_Repos/streaming_arc/vitis/source/one_layer.cpp:176:9: warning: HLS pragma dump _XLX_SEP_ PragmaIsValid=1_XLX_SEP_ PragmaType=stream_XLX_SEP_ PragmaContext=_XLX_SEP_ PragmaFunction=one_layer_XLX_SEP_ PragmaOptions=variable = Mul_pooling_4 depth = 64_XLX_SEP_ [-Wdump-hls-pragmas]
#pragma HLS STREAM variable = Mul_pooling_4 depth = 64
        ^
/media/ryanfeng/HardDisk/Study/Git_Repos/streaming_arc/vitis/source/one_layer.cpp:178:9: warning: HLS pragma dump _XLX_SEP_ PragmaIsValid=1_XLX_SEP_ PragmaType=stream_XLX_SEP_ PragmaContext=_XLX_SEP_ PragmaFunction=one_layer_XLX_SEP_ PragmaOptions=variable = w5 depth = 216_XLX_SEP_ [-Wdump-hls-pragmas]
#pragma HLS STREAM variable = w5 depth = 216
        ^
/media/ryanfeng/HardDisk/Study/Git_Repos/streaming_arc/vitis/source/one_layer.cpp:179:9: warning: HLS pragma dump _XLX_SEP_ PragmaIsValid=1_XLX_SEP_ PragmaType=stream_XLX_SEP_ PragmaContext=_XLX_SEP_ PragmaFunction=one_layer_XLX_SEP_ PragmaOptions=variable = IFM5 depth = 400_XLX_SEP_ [-Wdump-hls-pragmas]
#pragma HLS STREAM variable = IFM5 depth = 400
        ^
/media/ryanfeng/HardDisk/Study/Git_Repos/streaming_arc/vitis/source/one_layer.cpp:180:9: warning: HLS pragma dump _XLX_SEP_ PragmaIsValid=1_XLX_SEP_ PragmaType=stream_XLX_SEP_ PragmaContext=_XLX_SEP_ PragmaFunction=one_layer_XLX_SEP_ PragmaOptions=variable = IFM5_through_G depth = 24_XLX_SEP_ [-Wdump-hls-pragmas]
#pragma HLS STREAM variable = IFM5_through_G depth = 24
        ^
/media/ryanfeng/HardDisk/Study/Git_Repos/streaming_arc/vitis/source/one_layer.cpp:181:9: warning: HLS pragma dump _XLX_SEP_ PragmaIsValid=1_XLX_SEP_ PragmaType=stream_XLX_SEP_ PragmaContext=_XLX_SEP_ PragmaFunction=one_layer_XLX_SEP_ PragmaOptions=variable = Mul_result_5 depth = 32_XLX_SEP_ [-Wdump-hls-pragmas]
#pragma HLS STREAM variable = Mul_result_5 depth = 32
        ^
/media/ryanfeng/HardDisk/Study/Git_Repos/streaming_arc/vitis/source/one_layer.cpp:183:9: warning: HLS pragma dump _XLX_SEP_ PragmaIsValid=1_XLX_SEP_ PragmaType=stream_XLX_SEP_ PragmaContext=_XLX_SEP_ PragmaFunction=one_layer_XLX_SEP_ PragmaOptions=variable = w6 depth = 432_XLX_SEP_ [-Wdump-hls-pragmas]
#pragma HLS STREAM variable = w6 depth = 432
        ^
/media/ryanfeng/HardDisk/Study/Git_Repos/streaming_arc/vitis/source/one_layer.cpp:184:9: warning: HLS pragma dump _XLX_SEP_ PragmaIsValid=1_XLX_SEP_ PragmaType=stream_XLX_SEP_ PragmaContext=_XLX_SEP_ PragmaFunction=one_layer_XLX_SEP_ PragmaOptions=variable = IFM6 depth = 800_XLX_SEP_ [-Wdump-hls-pragmas]
#pragma HLS STREAM variable = IFM6 depth = 800
        ^
/media/ryanfeng/HardDisk/Study/Git_Repos/streaming_arc/vitis/source/one_layer.cpp:185:9: warning: HLS pragma dump _XLX_SEP_ PragmaIsValid=1_XLX_SEP_ PragmaType=stream_XLX_SEP_ PragmaContext=_XLX_SEP_ PragmaFunction=one_layer_XLX_SEP_ PragmaOptions=variable = IFM6_through_G depth = 48_XLX_SEP_ [-Wdump-hls-pragmas]
#pragma HLS STREAM variable = IFM6_through_G depth = 48
        ^
/media/ryanfeng/HardDisk/Study/Git_Repos/streaming_arc/vitis/source/one_layer.cpp:186:9: warning: HLS pragma dump _XLX_SEP_ PragmaIsValid=1_XLX_SEP_ PragmaType=stream_XLX_SEP_ PragmaContext=_XLX_SEP_ PragmaFunction=one_layer_XLX_SEP_ PragmaOptions=variable = Mul_result_6 depth = 32_XLX_SEP_ [-Wdump-hls-pragmas]
#pragma HLS STREAM variable = Mul_result_6 depth = 32
        ^
/media/ryanfeng/HardDisk/Study/Git_Repos/streaming_arc/vitis/source/one_layer.cpp:188:9: warning: HLS pragma dump _XLX_SEP_ PragmaIsValid=1_XLX_SEP_ PragmaType=stream_XLX_SEP_ PragmaContext=_XLX_SEP_ PragmaFunction=one_layer_XLX_SEP_ PragmaOptions=variable = w7 depth = 432_XLX_SEP_ [-Wdump-hls-pragmas]
#pragma HLS STREAM variable = w7 depth = 432
        ^
/media/ryanfeng/HardDisk/Study/Git_Repos/streaming_arc/vitis/source/one_layer.cpp:189:9: warning: HLS pragma dump _XLX_SEP_ PragmaIsValid=1_XLX_SEP_ PragmaType=stream_XLX_SEP_ PragmaContext=_XLX_SEP_ PragmaFunction=one_layer_XLX_SEP_ PragmaOptions=variable = IFM7 depth = 800_XLX_SEP_ [-Wdump-hls-pragmas]
#pragma HLS STREAM variable = IFM7 depth = 800
        ^
/media/ryanfeng/HardDisk/Study/Git_Repos/streaming_arc/vitis/source/one_layer.cpp:190:9: warning: HLS pragma dump _XLX_SEP_ PragmaIsValid=1_XLX_SEP_ PragmaType=stream_XLX_SEP_ PragmaContext=_XLX_SEP_ PragmaFunction=one_layer_XLX_SEP_ PragmaOptions=variable = IFM7_through_G depth = 48_XLX_SEP_ [-Wdump-hls-pragmas]
#pragma HLS STREAM variable = IFM7_through_G depth = 48
        ^
/media/ryanfeng/HardDisk/Study/Git_Repos/streaming_arc/vitis/source/one_layer.cpp:191:9: warning: HLS pragma dump _XLX_SEP_ PragmaIsValid=1_XLX_SEP_ PragmaType=stream_XLX_SEP_ PragmaContext=_XLX_SEP_ PragmaFunction=one_layer_XLX_SEP_ PragmaOptions=variable = Mul_result_7 depth = 128_XLX_SEP_ [-Wdump-hls-pragmas]
#pragma HLS STREAM variable = Mul_result_7 depth = 128
        ^
/media/ryanfeng/HardDisk/Study/Git_Repos/streaming_arc/vitis/source/one_layer.cpp:192:9: warning: HLS pragma dump _XLX_SEP_ PragmaIsValid=1_XLX_SEP_ PragmaType=stream_XLX_SEP_ PragmaContext=_XLX_SEP_ PragmaFunction=one_layer_XLX_SEP_ PragmaOptions=variable = Mul_pooling_7 depth = 64_XLX_SEP_ [-Wdump-hls-pragmas]
#pragma HLS STREAM variable = Mul_pooling_7 depth = 64
        ^
/media/ryanfeng/HardDisk/Study/Git_Repos/streaming_arc/vitis/source/one_layer.cpp:194:9: warning: HLS pragma dump _XLX_SEP_ PragmaIsValid=1_XLX_SEP_ PragmaType=stream_XLX_SEP_ PragmaContext=_XLX_SEP_ PragmaFunction=one_layer_XLX_SEP_ PragmaOptions=variable = w8 depth = 288_XLX_SEP_ [-Wdump-hls-pragmas]
#pragma HLS STREAM variable = w8 depth = 288
        ^
/media/ryanfeng/HardDisk/Study/Git_Repos/streaming_arc/vitis/source/one_layer.cpp:195:9: warning: HLS pragma dump _XLX_SEP_ PragmaIsValid=1_XLX_SEP_ PragmaType=stream_XLX_SEP_ PragmaContext=_XLX_SEP_ PragmaFunction=one_layer_XLX_SEP_ PragmaOptions=variable = IFM8 depth = 288_XLX_SEP_ [-Wdump-hls-pragmas]
#pragma HLS STREAM variable = IFM8 depth = 288
        ^
/media/ryanfeng/HardDisk/Study/Git_Repos/streaming_arc/vitis/source/one_layer.cpp:196:9: warning: HLS pragma dump _XLX_SEP_ PragmaIsValid=1_XLX_SEP_ PragmaType=stream_XLX_SEP_ PragmaContext=_XLX_SEP_ PragmaFunction=one_layer_XLX_SEP_ PragmaOptions=variable = IFM8_through_G depth = 32_XLX_SEP_ [-Wdump-hls-pragmas]
#pragma HLS STREAM variable = IFM8_through_G depth = 32
        ^
/media/ryanfeng/HardDisk/Study/Git_Repos/streaming_arc/vitis/source/one_layer.cpp:197:9: warning: HLS pragma dump _XLX_SEP_ PragmaIsValid=1_XLX_SEP_ PragmaType=stream_XLX_SEP_ PragmaContext=_XLX_SEP_ PragmaFunction=one_layer_XLX_SEP_ PragmaOptions=variable = Mul_result_8 depth = 64_XLX_SEP_ [-Wdump-hls-pragmas]
#pragma HLS STREAM variable = Mul_result_8 depth = 64
        ^
/media/ryanfeng/HardDisk/Study/Git_Repos/streaming_arc/vitis/source/one_layer.cpp:199:9: warning: HLS pragma dump _XLX_SEP_ PragmaIsValid=1_XLX_SEP_ PragmaType=stream_XLX_SEP_ PragmaContext=_XLX_SEP_ PragmaFunction=one_layer_XLX_SEP_ PragmaOptions=variable = w9 depth = 576_XLX_SEP_ [-Wdump-hls-pragmas]
#pragma HLS STREAM variable = w9 depth = 576
        ^
/media/ryanfeng/HardDisk/Study/Git_Repos/streaming_arc/vitis/source/one_layer.cpp:200:9: warning: HLS pragma dump _XLX_SEP_ PragmaIsValid=1_XLX_SEP_ PragmaType=stream_XLX_SEP_ PragmaContext=_XLX_SEP_ PragmaFunction=one_layer_XLX_SEP_ PragmaOptions=variable = IFM9 depth = 576_XLX_SEP_ [-Wdump-hls-pragmas]
#pragma HLS STREAM variable = IFM9 depth = 576
        ^
/media/ryanfeng/HardDisk/Study/Git_Repos/streaming_arc/vitis/source/one_layer.cpp:201:9: warning: HLS pragma dump _XLX_SEP_ PragmaIsValid=1_XLX_SEP_ PragmaType=stream_XLX_SEP_ PragmaContext=_XLX_SEP_ PragmaFunction=one_layer_XLX_SEP_ PragmaOptions=variable = IFM9_through_G depth = 64_XLX_SEP_ [-Wdump-hls-pragmas]
#pragma HLS STREAM variable = IFM9_through_G depth = 64
        ^
/media/ryanfeng/HardDisk/Study/Git_Repos/streaming_arc/vitis/source/one_layer.cpp:202:9: warning: HLS pragma dump _XLX_SEP_ PragmaIsValid=1_XLX_SEP_ PragmaType=stream_XLX_SEP_ PragmaContext=_XLX_SEP_ PragmaFunction=one_layer_XLX_SEP_ PragmaOptions=variable = Mul_result_9 depth = 64_XLX_SEP_ [-Wdump-hls-pragmas]
#pragma HLS STREAM variable = Mul_result_9 depth = 64
        ^
/media/ryanfeng/HardDisk/Study/Git_Repos/streaming_arc/vitis/source/one_layer.cpp:204:9: warning: HLS pragma dump _XLX_SEP_ PragmaIsValid=1_XLX_SEP_ PragmaType=stream_XLX_SEP_ PragmaContext=_XLX_SEP_ PragmaFunction=one_layer_XLX_SEP_ PragmaOptions=variable = w10 depth = 576_XLX_SEP_ [-Wdump-hls-pragmas]
#pragma HLS STREAM variable = w10 depth = 576
        ^
/media/ryanfeng/HardDisk/Study/Git_Repos/streaming_arc/vitis/source/one_layer.cpp:205:9: warning: HLS pragma dump _XLX_SEP_ PragmaIsValid=1_XLX_SEP_ PragmaType=stream_XLX_SEP_ PragmaContext=_XLX_SEP_ PragmaFunction=one_layer_XLX_SEP_ PragmaOptions=variable = IFM10 depth = 576_XLX_SEP_ [-Wdump-hls-pragmas]
#pragma HLS STREAM variable = IFM10 depth = 576
        ^
/media/ryanfeng/HardDisk/Study/Git_Repos/streaming_arc/vitis/source/one_layer.cpp:206:9: warning: HLS pragma dump _XLX_SEP_ PragmaIsValid=1_XLX_SEP_ PragmaType=stream_XLX_SEP_ PragmaContext=_XLX_SEP_ PragmaFunction=one_layer_XLX_SEP_ PragmaOptions=variable = IFM10_through_G depth = 64_XLX_SEP_ [-Wdump-hls-pragmas]
#pragma HLS STREAM variable = IFM10_through_G depth = 64
        ^
/media/ryanfeng/HardDisk/Study/Git_Repos/streaming_arc/vitis/source/one_layer.cpp:207:9: warning: HLS pragma dump _XLX_SEP_ PragmaIsValid=1_XLX_SEP_ PragmaType=stream_XLX_SEP_ PragmaContext=_XLX_SEP_ PragmaFunction=one_layer_XLX_SEP_ PragmaOptions=variable = Mul_result_10 depth = 128_XLX_SEP_ [-Wdump-hls-pragmas]
#pragma HLS STREAM variable = Mul_result_10 depth = 128
        ^
/media/ryanfeng/HardDisk/Study/Git_Repos/streaming_arc/vitis/source/one_layer.cpp:208:9: warning: HLS pragma dump _XLX_SEP_ PragmaIsValid=1_XLX_SEP_ PragmaType=stream_XLX_SEP_ PragmaContext=_XLX_SEP_ PragmaFunction=one_layer_XLX_SEP_ PragmaOptions=variable = Mul_pooling_10 depth = 32_XLX_SEP_ [-Wdump-hls-pragmas]
#pragma HLS STREAM variable = Mul_pooling_10 depth = 32
        ^
/media/ryanfeng/HardDisk/Study/Git_Repos/streaming_arc/vitis/source/one_layer.cpp:210:9: warning: HLS pragma dump _XLX_SEP_ PragmaIsValid=1_XLX_SEP_ PragmaType=stream_XLX_SEP_ PragmaContext=_XLX_SEP_ PragmaFunction=one_layer_XLX_SEP_ PragmaOptions=variable = w11 depth = 288_XLX_SEP_ [-Wdump-hls-pragmas]
#pragma HLS STREAM variable = w11 depth = 288
        ^
/media/ryanfeng/HardDisk/Study/Git_Repos/streaming_arc/vitis/source/one_layer.cpp:211:9: warning: HLS pragma dump _XLX_SEP_ PragmaIsValid=1_XLX_SEP_ PragmaType=stream_XLX_SEP_ PragmaContext=_XLX_SEP_ PragmaFunction=one_layer_XLX_SEP_ PragmaOptions=variable = IFM11 depth = 256_XLX_SEP_ [-Wdump-hls-pragmas]
#pragma HLS STREAM variable = IFM11 depth = 256
        ^
/media/ryanfeng/HardDisk/Study/Git_Repos/streaming_arc/vitis/source/one_layer.cpp:212:9: warning: HLS pragma dump _XLX_SEP_ PragmaIsValid=1_XLX_SEP_ PragmaType=stream_XLX_SEP_ PragmaContext=_XLX_SEP_ PragmaFunction=one_layer_XLX_SEP_ PragmaOptions=variable = IFM11_through_G depth = 32_XLX_SEP_ [-Wdump-hls-pragmas]
#pragma HLS STREAM variable = IFM11_through_G depth = 32
        ^
/media/ryanfeng/HardDisk/Study/Git_Repos/streaming_arc/vitis/source/one_layer.cpp:213:9: warning: HLS pragma dump _XLX_SEP_ PragmaIsValid=1_XLX_SEP_ PragmaType=stream_XLX_SEP_ PragmaContext=_XLX_SEP_ PragmaFunction=one_layer_XLX_SEP_ PragmaOptions=variable = Mul_result_11 depth = 64_XLX_SEP_ [-Wdump-hls-pragmas]
#pragma HLS STREAM variable = Mul_result_11 depth = 64
        ^
/media/ryanfeng/HardDisk/Study/Git_Repos/streaming_arc/vitis/source/one_layer.cpp:215:9: warning: HLS pragma dump _XLX_SEP_ PragmaIsValid=1_XLX_SEP_ PragmaType=stream_XLX_SEP_ PragmaContext=_XLX_SEP_ PragmaFunction=one_layer_XLX_SEP_ PragmaOptions=variable = w12 depth = 288_XLX_SEP_ [-Wdump-hls-pragmas]
#pragma HLS STREAM variable = w12 depth = 288
        ^
/media/ryanfeng/HardDisk/Study/Git_Repos/streaming_arc/vitis/source/one_layer.cpp:216:9: warning: HLS pragma dump _XLX_SEP_ PragmaIsValid=1_XLX_SEP_ PragmaType=stream_XLX_SEP_ PragmaContext=_XLX_SEP_ PragmaFunction=one_layer_XLX_SEP_ PragmaOptions=variable = IFM12 depth = 256_XLX_SEP_ [-Wdump-hls-pragmas]
#pragma HLS STREAM variable = IFM12 depth = 256
        ^
/media/ryanfeng/HardDisk/Study/Git_Repos/streaming_arc/vitis/source/one_layer.cpp:217:9: warning: HLS pragma dump _XLX_SEP_ PragmaIsValid=1_XLX_SEP_ PragmaType=stream_XLX_SEP_ PragmaContext=_XLX_SEP_ PragmaFunction=one_layer_XLX_SEP_ PragmaOptions=variable = IFM12_through_G depth = 32_XLX_SEP_ [-Wdump-hls-pragmas]
#pragma HLS STREAM variable = IFM12_through_G depth = 32
        ^
/media/ryanfeng/HardDisk/Study/Git_Repos/streaming_arc/vitis/source/one_layer.cpp:218:9: warning: HLS pragma dump _XLX_SEP_ PragmaIsValid=1_XLX_SEP_ PragmaType=stream_XLX_SEP_ PragmaContext=_XLX_SEP_ PragmaFunction=one_layer_XLX_SEP_ PragmaOptions=variable = Mul_result_12 depth = 64_XLX_SEP_ [-Wdump-hls-pragmas]
#pragma HLS STREAM variable = Mul_result_12 depth = 64
        ^
/media/ryanfeng/HardDisk/Study/Git_Repos/streaming_arc/vitis/source/one_layer.cpp:220:9: warning: HLS pragma dump _XLX_SEP_ PragmaIsValid=1_XLX_SEP_ PragmaType=stream_XLX_SEP_ PragmaContext=_XLX_SEP_ PragmaFunction=one_layer_XLX_SEP_ PragmaOptions=variable = w13 depth = 288_XLX_SEP_ [-Wdump-hls-pragmas]
#pragma HLS STREAM variable = w13 depth = 288
        ^
/media/ryanfeng/HardDisk/Study/Git_Repos/streaming_arc/vitis/source/one_layer.cpp:221:9: warning: HLS pragma dump _XLX_SEP_ PragmaIsValid=1_XLX_SEP_ PragmaType=stream_XLX_SEP_ PragmaContext=_XLX_SEP_ PragmaFunction=one_layer_XLX_SEP_ PragmaOptions=variable = IFM13 depth = 192_XLX_SEP_ [-Wdump-hls-pragmas]
#pragma HLS STREAM variable = IFM13 depth = 192
        ^
/media/ryanfeng/HardDisk/Study/Git_Repos/streaming_arc/vitis/source/one_layer.cpp:222:9: warning: HLS pragma dump _XLX_SEP_ PragmaIsValid=1_XLX_SEP_ PragmaType=stream_XLX_SEP_ PragmaContext=_XLX_SEP_ PragmaFunction=one_layer_XLX_SEP_ PragmaOptions=variable = IFM13_through_G depth = 32_XLX_SEP_ [-Wdump-hls-pragmas]
#pragma HLS STREAM variable = IFM13_through_G depth = 32
        ^
/media/ryanfeng/HardDisk/Study/Git_Repos/streaming_arc/vitis/source/one_layer.cpp:223:9: warning: HLS pragma dump _XLX_SEP_ PragmaIsValid=1_XLX_SEP_ PragmaType=stream_XLX_SEP_ PragmaContext=_XLX_SEP_ PragmaFunction=one_layer_XLX_SEP_ PragmaOptions=variable = Mul_result_13 depth = 64_XLX_SEP_ [-Wdump-hls-pragmas]
#pragma HLS STREAM variable = Mul_result_13 depth = 64
        ^
/media/ryanfeng/HardDisk/Study/Git_Repos/streaming_arc/vitis/source/one_layer.cpp:224:9: warning: HLS pragma dump _XLX_SEP_ PragmaIsValid=1_XLX_SEP_ PragmaType=stream_XLX_SEP_ PragmaContext=_XLX_SEP_ PragmaFunction=one_layer_XLX_SEP_ PragmaOptions=variable = Mul_pooling_13 depth = 192_XLX_SEP_ [-Wdump-hls-pragmas]
#pragma HLS STREAM variable = Mul_pooling_13 depth = 192
        ^
/media/ryanfeng/HardDisk/Study/Git_Repos/streaming_arc/vitis/source/one_layer.cpp:226:9: warning: HLS pragma dump _XLX_SEP_ PragmaIsValid=1_XLX_SEP_ PragmaType=stream_XLX_SEP_ PragmaContext=_XLX_SEP_ PragmaFunction=one_layer_XLX_SEP_ PragmaOptions=variable = w14 depth = 128_XLX_SEP_ [-Wdump-hls-pragmas]
#pragma HLS STREAM variable = w14 depth = 128
        ^
/media/ryanfeng/HardDisk/Study/Git_Repos/streaming_arc/vitis/source/one_layer.cpp:227:9: warning: HLS pragma dump _XLX_SEP_ PragmaIsValid=1_XLX_SEP_ PragmaType=stream_XLX_SEP_ PragmaContext=_XLX_SEP_ PragmaFunction=one_layer_XLX_SEP_ PragmaOptions=variable = IFM14 depth = 64_XLX_SEP_ [-Wdump-hls-pragmas]
#pragma HLS STREAM variable = IFM14 depth = 64
        ^
/media/ryanfeng/HardDisk/Study/Git_Repos/streaming_arc/vitis/source/one_layer.cpp:228:9: warning: HLS pragma dump _XLX_SEP_ PragmaIsValid=1_XLX_SEP_ PragmaType=stream_XLX_SEP_ PragmaContext=_XLX_SEP_ PragmaFunction=one_layer_XLX_SEP_ PragmaOptions=variable = IFM14_through_G depth = 128_XLX_SEP_ [-Wdump-hls-pragmas]
#pragma HLS STREAM variable = IFM14_through_G depth = 128
        ^
/media/ryanfeng/HardDisk/Study/Git_Repos/streaming_arc/vitis/source/one_layer.cpp:229:9: warning: HLS pragma dump _XLX_SEP_ PragmaIsValid=1_XLX_SEP_ PragmaType=stream_XLX_SEP_ PragmaContext=_XLX_SEP_ PragmaFunction=one_layer_XLX_SEP_ PragmaOptions=variable = Mul_result_14 depth = 16_XLX_SEP_ [-Wdump-hls-pragmas]
#pragma HLS STREAM variable = Mul_result_14 depth = 16
        ^
/media/ryanfeng/HardDisk/Study/Git_Repos/streaming_arc/vitis/source/one_layer.cpp:231:9: warning: HLS pragma dump _XLX_SEP_ PragmaIsValid=1_XLX_SEP_ PragmaType=stream_XLX_SEP_ PragmaContext=_XLX_SEP_ PragmaFunction=one_layer_XLX_SEP_ PragmaOptions=variable = w15 depth = 128_XLX_SEP_ [-Wdump-hls-pragmas]
#pragma HLS STREAM variable = w15 depth = 128
        ^
/media/ryanfeng/HardDisk/Study/Git_Repos/streaming_arc/vitis/source/one_layer.cpp:232:9: warning: HLS pragma dump _XLX_SEP_ PragmaIsValid=1_XLX_SEP_ PragmaType=stream_XLX_SEP_ PragmaContext=_XLX_SEP_ PragmaFunction=one_layer_XLX_SEP_ PragmaOptions=variable = IFM15 depth = 64_XLX_SEP_ [-Wdump-hls-pragmas]
#pragma HLS STREAM variable = IFM15 depth = 64
        ^
/media/ryanfeng/HardDisk/Study/Git_Repos/streaming_arc/vitis/source/one_layer.cpp:233:9: warning: HLS pragma dump _XLX_SEP_ PragmaIsValid=1_XLX_SEP_ PragmaType=stream_XLX_SEP_ PragmaContext=_XLX_SEP_ PragmaFunction=one_layer_XLX_SEP_ PragmaOptions=variable = IFM15_through_G depth = 128_XLX_SEP_ [-Wdump-hls-pragmas]
#pragma HLS STREAM variable = IFM15_through_G depth = 128
        ^
/media/ryanfeng/HardDisk/Study/Git_Repos/streaming_arc/vitis/source/one_layer.cpp:234:9: warning: HLS pragma dump _XLX_SEP_ PragmaIsValid=1_XLX_SEP_ PragmaType=stream_XLX_SEP_ PragmaContext=_XLX_SEP_ PragmaFunction=one_layer_XLX_SEP_ PragmaOptions=variable = Mul_result_15 depth = 16_XLX_SEP_ [-Wdump-hls-pragmas]
#pragma HLS STREAM variable = Mul_result_15 depth = 16
        ^
/media/ryanfeng/HardDisk/Study/Git_Repos/streaming_arc/vitis/source/one_layer.cpp:236:9: warning: HLS pragma dump _XLX_SEP_ PragmaIsValid=1_XLX_SEP_ PragmaType=stream_XLX_SEP_ PragmaContext=_XLX_SEP_ PragmaFunction=one_layer_XLX_SEP_ PragmaOptions=variable = w16 depth = 1024_XLX_SEP_ [-Wdump-hls-pragmas]
#pragma HLS STREAM variable = w16 depth = 1024
        ^
/media/ryanfeng/HardDisk/Study/Git_Repos/streaming_arc/vitis/source/one_layer.cpp:237:9: warning: HLS pragma dump _XLX_SEP_ PragmaIsValid=1_XLX_SEP_ PragmaType=stream_XLX_SEP_ PragmaContext=_XLX_SEP_ PragmaFunction=one_layer_XLX_SEP_ PragmaOptions=variable = IFM16 depth = 512_XLX_SEP_ [-Wdump-hls-pragmas]
#pragma HLS STREAM variable = IFM16 depth = 512
        ^
/media/ryanfeng/HardDisk/Study/Git_Repos/streaming_arc/vitis/source/one_layer.cpp:238:9: warning: HLS pragma dump _XLX_SEP_ PragmaIsValid=1_XLX_SEP_ PragmaType=stream_XLX_SEP_ PragmaContext=_XLX_SEP_ PragmaFunction=one_layer_XLX_SEP_ PragmaOptions=variable = IFM16_through_G depth = 1024_XLX_SEP_ [-Wdump-hls-pragmas]
#pragma HLS STREAM variable = IFM16_through_G depth = 1024
        ^
/media/ryanfeng/HardDisk/Study/Git_Repos/streaming_arc/vitis/source/one_layer.cpp:239:9: warning: HLS pragma dump _XLX_SEP_ PragmaIsValid=1_XLX_SEP_ PragmaType=stream_XLX_SEP_ PragmaContext=_XLX_SEP_ PragmaFunction=one_layer_XLX_SEP_ PragmaOptions=variable = Mul_result_16 depth = 1_XLX_SEP_ [-Wdump-hls-pragmas]
#pragma HLS STREAM variable = Mul_result_16 depth = 1
        ^
/media/ryanfeng/HardDisk/Study/Git_Repos/streaming_arc/vitis/source/one_layer.cpp:242:9: warning: HLS pragma dump _XLX_SEP_ PragmaIsValid=1_XLX_SEP_ PragmaType=dataflow_XLX_SEP_ PragmaContext=_XLX_SEP_ PragmaFunction=one_layer_XLX_SEP_ PragmaOptions=_XLX_SEP_ [-Wdump-hls-pragmas]
#pragma HLS dataflow
        ^
169 warnings generated.
