INFO: [vitis-run 60-1548] Creating build summary session with primary output /media/ryanfeng/HardDisk/Study/Git_Repos/streaming_arc/vitis/streaming_vgg16/streaming_vgg16/streaming_vgg16.hlsrun_csim_summary, at Tue Sep 24 00:45:17 2024
INFO: [vitis-run 82-31] Launching vitis_hls: vitis_hls -nolog -run csim -work_dir /media/ryanfeng/HardDisk/Study/Git_Repos/streaming_arc/vitis/streaming_vgg16/streaming_vgg16 -config /media/ryanfeng/HardDisk/Study/Git_Repos/streaming_arc/vitis/streaming_vgg16/hls_config.cfg -cmdlineconfig /media/ryanfeng/HardDisk/Study/Git_Repos/streaming_arc/vitis/streaming_vgg16/streaming_vgg16/hls/config.cmdline

****** Vitis HLS - High-Level Synthesis from C, C++ and OpenCL v2023.2 (64-bit)
  **** SW Build 4023990 on Oct 11 2023
  **** IP Build 4028589 on Sat Oct 14 00:45:43 MDT 2023
  **** SharedData Build 4025554 on Tue Oct 10 17:18:54 MDT 2023
    ** Copyright 1986-2022 Xilinx, Inc. All Rights Reserved.
    ** Copyright 2022-2023 Advanced Micro Devices, Inc. All Rights Reserved.

source /tools/Xilinx/Vitis_HLS/2023.2/scripts/vitis_hls/hls.tcl -notrace
INFO: [HLS 200-10] Running '/tools/Xilinx/Vitis_HLS/2023.2/bin/unwrapped/lnx64.o/vitis_hls'
INFO: [HLS 200-10] For user 'ryanfeng' on host 'ryanfeng-System-Product-Name' (Linux_x86_64 version 6.8.0-45-generic) on Tue Sep 24 00:45:17 PDT 2024
INFO: [HLS 200-10] On os Ubuntu 22.04.5 LTS
INFO: [HLS 200-10] In directory '/media/ryanfeng/HardDisk/Study/Git_Repos/streaming_arc/vitis/streaming_vgg16'
INFO: [HLS 200-1909] Reading HLS ini file /media/ryanfeng/HardDisk/Study/Git_Repos/streaming_arc/vitis/streaming_vgg16/hls_config.cfg
INFO: [HLS 200-1909] Reading HLS ini file /media/ryanfeng/HardDisk/Study/Git_Repos/streaming_arc/vitis/streaming_vgg16/streaming_vgg16/hls/config.cmdline
INFO: [HLS 200-2005] Using work_dir /media/ryanfeng/HardDisk/Study/Git_Repos/streaming_arc/vitis/streaming_vgg16/streaming_vgg16 
INFO: [HLS 200-1510] Running: open_project /media/ryanfeng/HardDisk/Study/Git_Repos/streaming_arc/vitis/streaming_vgg16/streaming_vgg16 -diskless 
INFO: [HLS 200-1510] Running: open_solution hls 
INFO: [HLS 200-1505] Using default flow_target 'vivado'
Resolution: For help on HLS 200-1505 see docs.xilinx.com/access/sources/dita/topic?Doc_Version=2023.2%20English&url=ug1448-hls-guidance&resourceid=200-1505.html
INFO: [HLS 200-1510] Running: apply_ini /media/ryanfeng/HardDisk/Study/Git_Repos/streaming_arc/vitis/streaming_vgg16/hls_config.cfg 
INFO: [HLS 200-1909] Reading HLS ini file /media/ryanfeng/HardDisk/Study/Git_Repos/streaming_arc/vitis/streaming_vgg16/hls_config.cfg
INFO: [HLS 200-1465] Applying ini 'syn.file=/media/ryanfeng/HardDisk/Study/Git_Repos/streaming_arc/vitis/source/activations.hpp' at /media/ryanfeng/HardDisk/Study/Git_Repos/streaming_arc/vitis/streaming_vgg16/hls_config.cfg(11)
INFO: [HLS 200-10] Adding design file '/media/ryanfeng/HardDisk/Study/Git_Repos/streaming_arc/vitis/source/activations.hpp' to the project
INFO: [HLS 200-1465] Applying ini 'syn.file=/media/ryanfeng/HardDisk/Study/Git_Repos/streaming_arc/vitis/source/bnn-library.h' at /media/ryanfeng/HardDisk/Study/Git_Repos/streaming_arc/vitis/streaming_vgg16/hls_config.cfg(12)
INFO: [HLS 200-10] Adding design file '/media/ryanfeng/HardDisk/Study/Git_Repos/streaming_arc/vitis/source/bnn-library.h' to the project
INFO: [HLS 200-1465] Applying ini 'syn.file=/media/ryanfeng/HardDisk/Study/Git_Repos/streaming_arc/vitis/source/conv.hpp' at /media/ryanfeng/HardDisk/Study/Git_Repos/streaming_arc/vitis/streaming_vgg16/hls_config.cfg(13)
INFO: [HLS 200-10] Adding design file '/media/ryanfeng/HardDisk/Study/Git_Repos/streaming_arc/vitis/source/conv.hpp' to the project
INFO: [HLS 200-1465] Applying ini 'syn.file=/media/ryanfeng/HardDisk/Study/Git_Repos/streaming_arc/vitis/source/convlayer.h' at /media/ryanfeng/HardDisk/Study/Git_Repos/streaming_arc/vitis/streaming_vgg16/hls_config.cfg(14)
INFO: [HLS 200-10] Adding design file '/media/ryanfeng/HardDisk/Study/Git_Repos/streaming_arc/vitis/source/convlayer.h' to the project
INFO: [HLS 200-1465] Applying ini 'syn.file=/media/ryanfeng/HardDisk/Study/Git_Repos/streaming_arc/vitis/source/define_.h' at /media/ryanfeng/HardDisk/Study/Git_Repos/streaming_arc/vitis/streaming_vgg16/hls_config.cfg(15)
INFO: [HLS 200-10] Adding design file '/media/ryanfeng/HardDisk/Study/Git_Repos/streaming_arc/vitis/source/define_.h' to the project
INFO: [HLS 200-1465] Applying ini 'syn.file=/media/ryanfeng/HardDisk/Study/Git_Repos/streaming_arc/vitis/source/dma.h' at /media/ryanfeng/HardDisk/Study/Git_Repos/streaming_arc/vitis/streaming_vgg16/hls_config.cfg(16)
INFO: [HLS 200-10] Adding design file '/media/ryanfeng/HardDisk/Study/Git_Repos/streaming_arc/vitis/source/dma.h' to the project
INFO: [HLS 200-1465] Applying ini 'syn.file=/media/ryanfeng/HardDisk/Study/Git_Repos/streaming_arc/vitis/source/fclayer.h' at /media/ryanfeng/HardDisk/Study/Git_Repos/streaming_arc/vitis/streaming_vgg16/hls_config.cfg(17)
INFO: [HLS 200-10] Adding design file '/media/ryanfeng/HardDisk/Study/Git_Repos/streaming_arc/vitis/source/fclayer.h' to the project
INFO: [HLS 200-1465] Applying ini 'syn.file=/media/ryanfeng/HardDisk/Study/Git_Repos/streaming_arc/vitis/source/interpret.hpp' at /media/ryanfeng/HardDisk/Study/Git_Repos/streaming_arc/vitis/streaming_vgg16/hls_config.cfg(18)
INFO: [HLS 200-10] Adding design file '/media/ryanfeng/HardDisk/Study/Git_Repos/streaming_arc/vitis/source/interpret.hpp' to the project
INFO: [HLS 200-1465] Applying ini 'syn.file=/media/ryanfeng/HardDisk/Study/Git_Repos/streaming_arc/vitis/source/mac.hpp' at /media/ryanfeng/HardDisk/Study/Git_Repos/streaming_arc/vitis/streaming_vgg16/hls_config.cfg(19)
INFO: [HLS 200-10] Adding design file '/media/ryanfeng/HardDisk/Study/Git_Repos/streaming_arc/vitis/source/mac.hpp' to the project
INFO: [HLS 200-1465] Applying ini 'syn.file=/media/ryanfeng/HardDisk/Study/Git_Repos/streaming_arc/vitis/source/maxpool.h' at /media/ryanfeng/HardDisk/Study/Git_Repos/streaming_arc/vitis/streaming_vgg16/hls_config.cfg(20)
INFO: [HLS 200-10] Adding design file '/media/ryanfeng/HardDisk/Study/Git_Repos/streaming_arc/vitis/source/maxpool.h' to the project
INFO: [HLS 200-1465] Applying ini 'syn.file=/media/ryanfeng/HardDisk/Study/Git_Repos/streaming_arc/vitis/source/mmv.hpp' at /media/ryanfeng/HardDisk/Study/Git_Repos/streaming_arc/vitis/streaming_vgg16/hls_config.cfg(21)
INFO: [HLS 200-10] Adding design file '/media/ryanfeng/HardDisk/Study/Git_Repos/streaming_arc/vitis/source/mmv.hpp' to the project
INFO: [HLS 200-1465] Applying ini 'syn.file=/media/ryanfeng/HardDisk/Study/Git_Repos/streaming_arc/vitis/source/mvau.hpp' at /media/ryanfeng/HardDisk/Study/Git_Repos/streaming_arc/vitis/streaming_vgg16/hls_config.cfg(22)
INFO: [HLS 200-10] Adding design file '/media/ryanfeng/HardDisk/Study/Git_Repos/streaming_arc/vitis/source/mvau.hpp' to the project
INFO: [HLS 200-1465] Applying ini 'syn.file=/media/ryanfeng/HardDisk/Study/Git_Repos/streaming_arc/vitis/source/one_layer.cpp' at /media/ryanfeng/HardDisk/Study/Git_Repos/streaming_arc/vitis/streaming_vgg16/hls_config.cfg(23)
INFO: [HLS 200-10] Adding design file '/media/ryanfeng/HardDisk/Study/Git_Repos/streaming_arc/vitis/source/one_layer.cpp' to the project
INFO: [HLS 200-1465] Applying ini 'syn.file=/media/ryanfeng/HardDisk/Study/Git_Repos/streaming_arc/vitis/source/slidingwindow.h' at /media/ryanfeng/HardDisk/Study/Git_Repos/streaming_arc/vitis/streaming_vgg16/hls_config.cfg(24)
INFO: [HLS 200-10] Adding design file '/media/ryanfeng/HardDisk/Study/Git_Repos/streaming_arc/vitis/source/slidingwindow.h' to the project
INFO: [HLS 200-1465] Applying ini 'syn.file=/media/ryanfeng/HardDisk/Study/Git_Repos/streaming_arc/vitis/source/streamtools.h' at /media/ryanfeng/HardDisk/Study/Git_Repos/streaming_arc/vitis/streaming_vgg16/hls_config.cfg(25)
INFO: [HLS 200-10] Adding design file '/media/ryanfeng/HardDisk/Study/Git_Repos/streaming_arc/vitis/source/streamtools.h' to the project
INFO: [HLS 200-1465] Applying ini 'syn.file=/media/ryanfeng/HardDisk/Study/Git_Repos/streaming_arc/vitis/source/tmrcheck.hpp' at /media/ryanfeng/HardDisk/Study/Git_Repos/streaming_arc/vitis/streaming_vgg16/hls_config.cfg(26)
INFO: [HLS 200-10] Adding design file '/media/ryanfeng/HardDisk/Study/Git_Repos/streaming_arc/vitis/source/tmrcheck.hpp' to the project
INFO: [HLS 200-1465] Applying ini 'syn.file=/media/ryanfeng/HardDisk/Study/Git_Repos/streaming_arc/vitis/source/upsample.hpp' at /media/ryanfeng/HardDisk/Study/Git_Repos/streaming_arc/vitis/streaming_vgg16/hls_config.cfg(27)
INFO: [HLS 200-10] Adding design file '/media/ryanfeng/HardDisk/Study/Git_Repos/streaming_arc/vitis/source/upsample.hpp' to the project
INFO: [HLS 200-1465] Applying ini 'syn.file=/media/ryanfeng/HardDisk/Study/Git_Repos/streaming_arc/vitis/source/utils.hpp' at /media/ryanfeng/HardDisk/Study/Git_Repos/streaming_arc/vitis/streaming_vgg16/hls_config.cfg(28)
INFO: [HLS 200-10] Adding design file '/media/ryanfeng/HardDisk/Study/Git_Repos/streaming_arc/vitis/source/utils.hpp' to the project
INFO: [HLS 200-1465] Applying ini 'syn.file=/media/ryanfeng/HardDisk/Study/Git_Repos/streaming_arc/vitis/source/vvau.hpp' at /media/ryanfeng/HardDisk/Study/Git_Repos/streaming_arc/vitis/streaming_vgg16/hls_config.cfg(29)
INFO: [HLS 200-10] Adding design file '/media/ryanfeng/HardDisk/Study/Git_Repos/streaming_arc/vitis/source/vvau.hpp' to the project
INFO: [HLS 200-1465] Applying ini 'syn.file=/media/ryanfeng/HardDisk/Study/Git_Repos/streaming_arc/vitis/source/weights.hpp' at /media/ryanfeng/HardDisk/Study/Git_Repos/streaming_arc/vitis/streaming_vgg16/hls_config.cfg(30)
INFO: [HLS 200-10] Adding design file '/media/ryanfeng/HardDisk/Study/Git_Repos/streaming_arc/vitis/source/weights.hpp' to the project
INFO: [HLS 200-1465] Applying ini 'syn.file=/media/ryanfeng/HardDisk/Study/Git_Repos/streaming_arc/vitis/source/one_layer.hpp' at /media/ryanfeng/HardDisk/Study/Git_Repos/streaming_arc/vitis/streaming_vgg16/hls_config.cfg(31)
INFO: [HLS 200-10] Adding design file '/media/ryanfeng/HardDisk/Study/Git_Repos/streaming_arc/vitis/source/one_layer.hpp' to the project
INFO: [HLS 200-1465] Applying ini 'tb.file=/media/ryanfeng/HardDisk/Study/Git_Repos/streaming_arc/vitis/source/host.cpp' at /media/ryanfeng/HardDisk/Study/Git_Repos/streaming_arc/vitis/streaming_vgg16/hls_config.cfg(9)
INFO: [HLS 200-10] Adding test bench file '/media/ryanfeng/HardDisk/Study/Git_Repos/streaming_arc/vitis/source/host.cpp' to the project
INFO: [HLS 200-1465] Applying ini 'syn.top=one_layer' at /media/ryanfeng/HardDisk/Study/Git_Repos/streaming_arc/vitis/streaming_vgg16/hls_config.cfg(8)
INFO: [HLS 200-1465] Applying ini 'flow_target=vivado' at /media/ryanfeng/HardDisk/Study/Git_Repos/streaming_arc/vitis/streaming_vgg16/hls_config.cfg(4)
INFO: [HLS 200-1505] Using flow_target 'vivado'
Resolution: For help on HLS 200-1505 see docs.xilinx.com/access/sources/dita/topic?Doc_Version=2023.2%20English&url=ug1448-hls-guidance&resourceid=200-1505.html
INFO: [HLS 200-1465] Applying ini 'part=xcvu9p-flga2104-2-i' at /media/ryanfeng/HardDisk/Study/Git_Repos/streaming_arc/vitis/streaming_vgg16/hls_config.cfg(1)
INFO: [HLS 200-1611] Setting target device to 'xcvu9p-flga2104-2-i'
INFO: [HLS 200-1465] Applying ini 'csim.clean=true' at /media/ryanfeng/HardDisk/Study/Git_Repos/streaming_arc/vitis/streaming_vgg16/hls_config.cfg(7)
INFO: [HLS 200-1465] Applying ini 'csim.code_analyzer=0' at /media/ryanfeng/HardDisk/Study/Git_Repos/streaming_arc/vitis/streaming_vgg16/hls_config.cfg(10)
INFO: [HLS 200-1465] Applying ini 'package.output.format=ip_catalog' at /media/ryanfeng/HardDisk/Study/Git_Repos/streaming_arc/vitis/streaming_vgg16/hls_config.cfg(5)
INFO: [HLS 200-1510] Running: apply_ini /media/ryanfeng/HardDisk/Study/Git_Repos/streaming_arc/vitis/streaming_vgg16/streaming_vgg16/hls/config.cmdline 
INFO: [HLS 200-1909] Reading HLS ini file /media/ryanfeng/HardDisk/Study/Git_Repos/streaming_arc/vitis/streaming_vgg16/streaming_vgg16/hls/config.cmdline
INFO: [HLS 200-1510] Running: csim_design 
INFO: [SIM 211-2] *************** CSIM start ***************
INFO: [SIM 211-4] CSIM will launch GCC as the compiler.
INFO: [HLS 200-2036] Building debug C Simulation binaries
   Compiling ../../../../../source/host.cpp in debug mode
   Compiling ../../../../../source/one_layer.cpp in debug mode
   Generating csim.exe
In file included from /usr/include/CL/cl.h:20,
                 from ../../../../../source/host.cpp:20:
/usr/include/CL/cl_version.h:22:104: note: #pragma message: cl_version.h: CL_TARGET_OPENCL_VERSION is not defined. Defaulting to 300 (OpenCL 3.0)
 #pragma message("cl_version.h: CL_TARGET_OPENCL_VERSION is not defined. Defaulting to 300 (OpenCL 3.0)")
                                                                                                        ^
../../../../../source/one_layer.cpp:9:9: warning: #pragma once in main file
 #pragma once
         ^~~~
/tools/Xilinx/Vivado/2023.2/tps/lnx64/binutils-2.37/bin/ld: obj/one_layer.o:/media/ryanfeng/HardDisk/Study/Git_Repos/streaming_arc/vitis/streaming_vgg16/streaming_vgg16/hls/csim/build/../../../../../source/define_.h:341: multiple definition of `w1_stream_depth'; obj/host.o:/media/ryanfeng/HardDisk/Study/Git_Repos/streaming_arc/vitis/streaming_vgg16/streaming_vgg16/hls/csim/build/../../../../../source/define_.h:341: first defined here
/tools/Xilinx/Vivado/2023.2/tps/lnx64/binutils-2.37/bin/ld: obj/one_layer.o:/media/ryanfeng/HardDisk/Study/Git_Repos/streaming_arc/vitis/streaming_vgg16/streaming_vgg16/hls/csim/build/../../../../../source/define_.h:342: multiple definition of `w2_stream_depth'; obj/host.o:/media/ryanfeng/HardDisk/Study/Git_Repos/streaming_arc/vitis/streaming_vgg16/streaming_vgg16/hls/csim/build/../../../../../source/define_.h:342: first defined here
/tools/Xilinx/Vivado/2023.2/tps/lnx64/binutils-2.37/bin/ld: obj/one_layer.o:/media/ryanfeng/HardDisk/Study/Git_Repos/streaming_arc/vitis/streaming_vgg16/streaming_vgg16/hls/csim/build/../../../../../source/define_.h:343: multiple definition of `w3_stream_depth'; obj/host.o:/media/ryanfeng/HardDisk/Study/Git_Repos/streaming_arc/vitis/streaming_vgg16/streaming_vgg16/hls/csim/build/../../../../../source/define_.h:343: first defined here
/tools/Xilinx/Vivado/2023.2/tps/lnx64/binutils-2.37/bin/ld: obj/one_layer.o:/media/ryanfeng/HardDisk/Study/Git_Repos/streaming_arc/vitis/streaming_vgg16/streaming_vgg16/hls/csim/build/../../../../../source/define_.h:344: multiple definition of `w4_stream_depth'; obj/host.o:/media/ryanfeng/HardDisk/Study/Git_Repos/streaming_arc/vitis/streaming_vgg16/streaming_vgg16/hls/csim/build/../../../../../source/define_.h:344: first defined here
/tools/Xilinx/Vivado/2023.2/tps/lnx64/binutils-2.37/bin/ld: obj/one_layer.o:/media/ryanfeng/HardDisk/Study/Git_Repos/streaming_arc/vitis/streaming_vgg16/streaming_vgg16/hls/csim/build/../../../../../source/define_.h:345: multiple definition of `w5_stream_depth'; obj/host.o:/media/ryanfeng/HardDisk/Study/Git_Repos/streaming_arc/vitis/streaming_vgg16/streaming_vgg16/hls/csim/build/../../../../../source/define_.h:345: first defined here
/tools/Xilinx/Vivado/2023.2/tps/lnx64/binutils-2.37/bin/ld: obj/one_layer.o:/media/ryanfeng/HardDisk/Study/Git_Repos/streaming_arc/vitis/streaming_vgg16/streaming_vgg16/hls/csim/build/../../../../../source/define_.h:346: multiple definition of `w6_stream_depth'; obj/host.o:/media/ryanfeng/HardDisk/Study/Git_Repos/streaming_arc/vitis/streaming_vgg16/streaming_vgg16/hls/csim/build/../../../../../source/define_.h:346: first defined here
/tools/Xilinx/Vivado/2023.2/tps/lnx64/binutils-2.37/bin/ld: obj/one_layer.o:/media/ryanfeng/HardDisk/Study/Git_Repos/streaming_arc/vitis/streaming_vgg16/streaming_vgg16/hls/csim/build/../../../../../source/define_.h:347: multiple definition of `w7_stream_depth'; obj/host.o:/media/ryanfeng/HardDisk/Study/Git_Repos/streaming_arc/vitis/streaming_vgg16/streaming_vgg16/hls/csim/build/../../../../../source/define_.h:347: first defined here
/tools/Xilinx/Vivado/2023.2/tps/lnx64/binutils-2.37/bin/ld: obj/one_layer.o:/media/ryanfeng/HardDisk/Study/Git_Repos/streaming_arc/vitis/streaming_vgg16/streaming_vgg16/hls/csim/build/../../../../../source/define_.h:348: multiple definition of `w8_stream_depth'; obj/host.o:/media/ryanfeng/HardDisk/Study/Git_Repos/streaming_arc/vitis/streaming_vgg16/streaming_vgg16/hls/csim/build/../../../../../source/define_.h:348: first defined here
/tools/Xilinx/Vivado/2023.2/tps/lnx64/binutils-2.37/bin/ld: obj/one_layer.o:/media/ryanfeng/HardDisk/Study/Git_Repos/streaming_arc/vitis/streaming_vgg16/streaming_vgg16/hls/csim/build/../../../../../source/define_.h:349: multiple definition of `w9_stream_depth'; obj/host.o:/media/ryanfeng/HardDisk/Study/Git_Repos/streaming_arc/vitis/streaming_vgg16/streaming_vgg16/hls/csim/build/../../../../../source/define_.h:349: first defined here
/tools/Xilinx/Vivado/2023.2/tps/lnx64/binutils-2.37/bin/ld: obj/one_layer.o:/media/ryanfeng/HardDisk/Study/Git_Repos/streaming_arc/vitis/streaming_vgg16/streaming_vgg16/hls/csim/build/../../../../../source/define_.h:350: multiple definition of `w10_stream_depth'; obj/host.o:/media/ryanfeng/HardDisk/Study/Git_Repos/streaming_arc/vitis/streaming_vgg16/streaming_vgg16/hls/csim/build/../../../../../source/define_.h:350: first defined here
/tools/Xilinx/Vivado/2023.2/tps/lnx64/binutils-2.37/bin/ld: obj/one_layer.o:/media/ryanfeng/HardDisk/Study/Git_Repos/streaming_arc/vitis/streaming_vgg16/streaming_vgg16/hls/csim/build/../../../../../source/define_.h:351: multiple definition of `w11_stream_depth'; obj/host.o:/media/ryanfeng/HardDisk/Study/Git_Repos/streaming_arc/vitis/streaming_vgg16/streaming_vgg16/hls/csim/build/../../../../../source/define_.h:351: first defined here
/tools/Xilinx/Vivado/2023.2/tps/lnx64/binutils-2.37/bin/ld: obj/one_layer.o:/media/ryanfeng/HardDisk/Study/Git_Repos/streaming_arc/vitis/streaming_vgg16/streaming_vgg16/hls/csim/build/../../../../../source/define_.h:352: multiple definition of `w12_stream_depth'; obj/host.o:/media/ryanfeng/HardDisk/Study/Git_Repos/streaming_arc/vitis/streaming_vgg16/streaming_vgg16/hls/csim/build/../../../../../source/define_.h:352: first defined here
/tools/Xilinx/Vivado/2023.2/tps/lnx64/binutils-2.37/bin/ld: obj/one_layer.o:/media/ryanfeng/HardDisk/Study/Git_Repos/streaming_arc/vitis/streaming_vgg16/streaming_vgg16/hls/csim/build/../../../../../source/define_.h:353: multiple definition of `w13_stream_depth'; obj/host.o:/media/ryanfeng/HardDisk/Study/Git_Repos/streaming_arc/vitis/streaming_vgg16/streaming_vgg16/hls/csim/build/../../../../../source/define_.h:353: first defined here
/tools/Xilinx/Vivado/2023.2/tps/lnx64/binutils-2.37/bin/ld: obj/one_layer.o:/media/ryanfeng/HardDisk/Study/Git_Repos/streaming_arc/vitis/streaming_vgg16/streaming_vgg16/hls/csim/build/../../../../../source/define_.h:354: multiple definition of `w14_stream_depth'; obj/host.o:/media/ryanfeng/HardDisk/Study/Git_Repos/streaming_arc/vitis/streaming_vgg16/streaming_vgg16/hls/csim/build/../../../../../source/define_.h:354: first defined here
/tools/Xilinx/Vivado/2023.2/tps/lnx64/binutils-2.37/bin/ld: obj/one_layer.o:/media/ryanfeng/HardDisk/Study/Git_Repos/streaming_arc/vitis/streaming_vgg16/streaming_vgg16/hls/csim/build/../../../../../source/define_.h:355: multiple definition of `w15_stream_depth'; obj/host.o:/media/ryanfeng/HardDisk/Study/Git_Repos/streaming_arc/vitis/streaming_vgg16/streaming_vgg16/hls/csim/build/../../../../../source/define_.h:355: first defined here
/tools/Xilinx/Vivado/2023.2/tps/lnx64/binutils-2.37/bin/ld: obj/one_layer.o:/media/ryanfeng/HardDisk/Study/Git_Repos/streaming_arc/vitis/streaming_vgg16/streaming_vgg16/hls/csim/build/../../../../../source/define_.h:356: multiple definition of `w16_stream_depth'; obj/host.o:/media/ryanfeng/HardDisk/Study/Git_Repos/streaming_arc/vitis/streaming_vgg16/streaming_vgg16/hls/csim/build/../../../../../source/define_.h:356: first defined here
/tools/Xilinx/Vivado/2023.2/tps/lnx64/binutils-2.37/bin/ld: obj/one_layer.o:/media/ryanfeng/HardDisk/Study/Git_Repos/streaming_arc/vitis/streaming_vgg16/streaming_vgg16/hls/csim/build/../../../../../source/define_.h:359: multiple definition of `ifm_1_stream_depth'; obj/host.o:/media/ryanfeng/HardDisk/Study/Git_Repos/streaming_arc/vitis/streaming_vgg16/streaming_vgg16/hls/csim/build/../../../../../source/define_.h:359: first defined here
/tools/Xilinx/Vivado/2023.2/tps/lnx64/binutils-2.37/bin/ld: obj/one_layer.o:/media/ryanfeng/HardDisk/Study/Git_Repos/streaming_arc/vitis/streaming_vgg16/streaming_vgg16/hls/csim/build/../../../../../source/define_.h:360: multiple definition of `ifm_2_stream_depth'; obj/host.o:/media/ryanfeng/HardDisk/Study/Git_Repos/streaming_arc/vitis/streaming_vgg16/streaming_vgg16/hls/csim/build/../../../../../source/define_.h:360: first defined here
/tools/Xilinx/Vivado/2023.2/tps/lnx64/binutils-2.37/bin/ld: obj/one_layer.o:/media/ryanfeng/HardDisk/Study/Git_Repos/streaming_arc/vitis/streaming_vgg16/streaming_vgg16/hls/csim/build/../../../../../source/define_.h:361: multiple definition of `ifm_3_stream_depth'; obj/host.o:/media/ryanfeng/HardDisk/Study/Git_Repos/streaming_arc/vitis/streaming_vgg16/streaming_vgg16/hls/csim/build/../../../../../source/define_.h:361: first defined here
/tools/Xilinx/Vivado/2023.2/tps/lnx64/binutils-2.37/bin/ld: obj/one_layer.o:/media/ryanfeng/HardDisk/Study/Git_Repos/streaming_arc/vitis/streaming_vgg16/streaming_vgg16/hls/csim/build/../../../../../source/define_.h:362: multiple definition of `ifm_4_stream_depth'; obj/host.o:/media/ryanfeng/HardDisk/Study/Git_Repos/streaming_arc/vitis/streaming_vgg16/streaming_vgg16/hls/csim/build/../../../../../source/define_.h:362: first defined here
/tools/Xilinx/Vivado/2023.2/tps/lnx64/binutils-2.37/bin/ld: obj/one_layer.o:/media/ryanfeng/HardDisk/Study/Git_Repos/streaming_arc/vitis/streaming_vgg16/streaming_vgg16/hls/csim/build/../../../../../source/define_.h:363: multiple definition of `ifm_5_stream_depth'; obj/host.o:/media/ryanfeng/HardDisk/Study/Git_Repos/streaming_arc/vitis/streaming_vgg16/streaming_vgg16/hls/csim/build/../../../../../source/define_.h:363: first defined here
/tools/Xilinx/Vivado/2023.2/tps/lnx64/binutils-2.37/bin/ld: obj/one_layer.o:/media/ryanfeng/HardDisk/Study/Git_Repos/streaming_arc/vitis/streaming_vgg16/streaming_vgg16/hls/csim/build/../../../../../source/define_.h:364: multiple definition of `ifm_6_stream_depth'; obj/host.o:/media/ryanfeng/HardDisk/Study/Git_Repos/streaming_arc/vitis/streaming_vgg16/streaming_vgg16/hls/csim/build/../../../../../source/define_.h:364: first defined here
/tools/Xilinx/Vivado/2023.2/tps/lnx64/binutils-2.37/bin/ld: obj/one_layer.o:/media/ryanfeng/HardDisk/Study/Git_Repos/streaming_arc/vitis/streaming_vgg16/streaming_vgg16/hls/csim/build/../../../../../source/define_.h:365: multiple definition of `ifm_7_stream_depth'; obj/host.o:/media/ryanfeng/HardDisk/Study/Git_Repos/streaming_arc/vitis/streaming_vgg16/streaming_vgg16/hls/csim/build/../../../../../source/define_.h:365: first defined here
/tools/Xilinx/Vivado/2023.2/tps/lnx64/binutils-2.37/bin/ld: obj/one_layer.o:/media/ryanfeng/HardDisk/Study/Git_Repos/streaming_arc/vitis/streaming_vgg16/streaming_vgg16/hls/csim/build/../../../../../source/define_.h:366: multiple definition of `ifm_8_stream_depth'; obj/host.o:/media/ryanfeng/HardDisk/Study/Git_Repos/streaming_arc/vitis/streaming_vgg16/streaming_vgg16/hls/csim/build/../../../../../source/define_.h:366: first defined here
/tools/Xilinx/Vivado/2023.2/tps/lnx64/binutils-2.37/bin/ld: obj/one_layer.o:/media/ryanfeng/HardDisk/Study/Git_Repos/streaming_arc/vitis/streaming_vgg16/streaming_vgg16/hls/csim/build/../../../../../source/define_.h:367: multiple definition of `ifm_9_stream_depth'; obj/host.o:/media/ryanfeng/HardDisk/Study/Git_Repos/streaming_arc/vitis/streaming_vgg16/streaming_vgg16/hls/csim/build/../../../../../source/define_.h:367: first defined here
/tools/Xilinx/Vivado/2023.2/tps/lnx64/binutils-2.37/bin/ld: obj/one_layer.o:/media/ryanfeng/HardDisk/Study/Git_Repos/streaming_arc/vitis/streaming_vgg16/streaming_vgg16/hls/csim/build/../../../../../source/define_.h:368: multiple definition of `ifm_10_stream_depth'; obj/host.o:/media/ryanfeng/HardDisk/Study/Git_Repos/streaming_arc/vitis/streaming_vgg16/streaming_vgg16/hls/csim/build/../../../../../source/define_.h:368: first defined here
/tools/Xilinx/Vivado/2023.2/tps/lnx64/binutils-2.37/bin/ld: obj/one_layer.o:/media/ryanfeng/HardDisk/Study/Git_Repos/streaming_arc/vitis/streaming_vgg16/streaming_vgg16/hls/csim/build/../../../../../source/define_.h:369: multiple definition of `ifm_11_stream_depth'; obj/host.o:/media/ryanfeng/HardDisk/Study/Git_Repos/streaming_arc/vitis/streaming_vgg16/streaming_vgg16/hls/csim/build/../../../../../source/define_.h:369: first defined here
/tools/Xilinx/Vivado/2023.2/tps/lnx64/binutils-2.37/bin/ld: obj/one_layer.o:/media/ryanfeng/HardDisk/Study/Git_Repos/streaming_arc/vitis/streaming_vgg16/streaming_vgg16/hls/csim/build/../../../../../source/define_.h:370: multiple definition of `ifm_12_stream_depth'; obj/host.o:/media/ryanfeng/HardDisk/Study/Git_Repos/streaming_arc/vitis/streaming_vgg16/streaming_vgg16/hls/csim/build/../../../../../source/define_.h:370: first defined here
/tools/Xilinx/Vivado/2023.2/tps/lnx64/binutils-2.37/bin/ld: obj/one_layer.o:/media/ryanfeng/HardDisk/Study/Git_Repos/streaming_arc/vitis/streaming_vgg16/streaming_vgg16/hls/csim/build/../../../../../source/define_.h:371: multiple definition of `ifm_13_stream_depth'; obj/host.o:/media/ryanfeng/HardDisk/Study/Git_Repos/streaming_arc/vitis/streaming_vgg16/streaming_vgg16/hls/csim/build/../../../../../source/define_.h:371: first defined here
/tools/Xilinx/Vivado/2023.2/tps/lnx64/binutils-2.37/bin/ld: obj/one_layer.o:/media/ryanfeng/HardDisk/Study/Git_Repos/streaming_arc/vitis/streaming_vgg16/streaming_vgg16/hls/csim/build/../../../../../source/define_.h:372: multiple definition of `ifm_14_stream_depth'; obj/host.o:/media/ryanfeng/HardDisk/Study/Git_Repos/streaming_arc/vitis/streaming_vgg16/streaming_vgg16/hls/csim/build/../../../../../source/define_.h:372: first defined here
/tools/Xilinx/Vivado/2023.2/tps/lnx64/binutils-2.37/bin/ld: obj/one_layer.o:/media/ryanfeng/HardDisk/Study/Git_Repos/streaming_arc/vitis/streaming_vgg16/streaming_vgg16/hls/csim/build/../../../../../source/define_.h:373: multiple definition of `ifm_15_stream_depth'; obj/host.o:/media/ryanfeng/HardDisk/Study/Git_Repos/streaming_arc/vitis/streaming_vgg16/streaming_vgg16/hls/csim/build/../../../../../source/define_.h:373: first defined here
/tools/Xilinx/Vivado/2023.2/tps/lnx64/binutils-2.37/bin/ld: obj/one_layer.o:/media/ryanfeng/HardDisk/Study/Git_Repos/streaming_arc/vitis/streaming_vgg16/streaming_vgg16/hls/csim/build/../../../../../source/define_.h:374: multiple definition of `ifm_16_stream_depth'; obj/host.o:/media/ryanfeng/HardDisk/Study/Git_Repos/streaming_arc/vitis/streaming_vgg16/streaming_vgg16/hls/csim/build/../../../../../source/define_.h:374: first defined here
/tools/Xilinx/Vivado/2023.2/tps/lnx64/binutils-2.37/bin/ld: obj/one_layer.o:/media/ryanfeng/HardDisk/Study/Git_Repos/streaming_arc/vitis/streaming_vgg16/streaming_vgg16/hls/csim/build/../../../../../source/define_.h:377: multiple definition of `ifm_1_gen_stream_depth'; obj/host.o:/media/ryanfeng/HardDisk/Study/Git_Repos/streaming_arc/vitis/streaming_vgg16/streaming_vgg16/hls/csim/build/../../../../../source/define_.h:377: first defined here
/tools/Xilinx/Vivado/2023.2/tps/lnx64/binutils-2.37/bin/ld: obj/one_layer.o:/media/ryanfeng/HardDisk/Study/Git_Repos/streaming_arc/vitis/streaming_vgg16/streaming_vgg16/hls/csim/build/../../../../../source/define_.h:378: multiple definition of `ifm_2_gen_stream_depth'; obj/host.o:/media/ryanfeng/HardDisk/Study/Git_Repos/streaming_arc/vitis/streaming_vgg16/streaming_vgg16/hls/csim/build/../../../../../source/define_.h:378: first defined here
/tools/Xilinx/Vivado/2023.2/tps/lnx64/binutils-2.37/bin/ld: obj/one_layer.o:/media/ryanfeng/HardDisk/Study/Git_Repos/streaming_arc/vitis/streaming_vgg16/streaming_vgg16/hls/csim/build/../../../../../source/define_.h:379: multiple definition of `ifm_3_gen_stream_depth'; obj/host.o:/media/ryanfeng/HardDisk/Study/Git_Repos/streaming_arc/vitis/streaming_vgg16/streaming_vgg16/hls/csim/build/../../../../../source/define_.h:379: first defined here
/tools/Xilinx/Vivado/2023.2/tps/lnx64/binutils-2.37/bin/ld: obj/one_layer.o:/media/ryanfeng/HardDisk/Study/Git_Repos/streaming_arc/vitis/streaming_vgg16/streaming_vgg16/hls/csim/build/../../../../../source/define_.h:380: multiple definition of `ifm_4_gen_stream_depth'; obj/host.o:/media/ryanfeng/HardDisk/Study/Git_Repos/streaming_arc/vitis/streaming_vgg16/streaming_vgg16/hls/csim/build/../../../../../source/define_.h:380: first defined here
/tools/Xilinx/Vivado/2023.2/tps/lnx64/binutils-2.37/bin/ld: obj/one_layer.o:/media/ryanfeng/HardDisk/Study/Git_Repos/streaming_arc/vitis/streaming_vgg16/streaming_vgg16/hls/csim/build/../../../../../source/define_.h:381: multiple definition of `ifm_5_gen_stream_depth'; obj/host.o:/media/ryanfeng/HardDisk/Study/Git_Repos/streaming_arc/vitis/streaming_vgg16/streaming_vgg16/hls/csim/build/../../../../../source/define_.h:381: first defined here
/tools/Xilinx/Vivado/2023.2/tps/lnx64/binutils-2.37/bin/ld: obj/one_layer.o:/media/ryanfeng/HardDisk/Study/Git_Repos/streaming_arc/vitis/streaming_vgg16/streaming_vgg16/hls/csim/build/../../../../../source/define_.h:382: multiple definition of `ifm_6_gen_stream_depth'; obj/host.o:/media/ryanfeng/HardDisk/Study/Git_Repos/streaming_arc/vitis/streaming_vgg16/streaming_vgg16/hls/csim/build/../../../../../source/define_.h:382: first defined here
/tools/Xilinx/Vivado/2023.2/tps/lnx64/binutils-2.37/bin/ld: obj/one_layer.o:/media/ryanfeng/HardDisk/Study/Git_Repos/streaming_arc/vitis/streaming_vgg16/streaming_vgg16/hls/csim/build/../../../../../source/define_.h:383: multiple definition of `ifm_7_gen_stream_depth'; obj/host.o:/media/ryanfeng/HardDisk/Study/Git_Repos/streaming_arc/vitis/streaming_vgg16/streaming_vgg16/hls/csim/build/../../../../../source/define_.h:383: first defined here
/tools/Xilinx/Vivado/2023.2/tps/lnx64/binutils-2.37/bin/ld: obj/one_layer.o:/media/ryanfeng/HardDisk/Study/Git_Repos/streaming_arc/vitis/streaming_vgg16/streaming_vgg16/hls/csim/build/../../../../../source/define_.h:384: multiple definition of `ifm_8_gen_stream_depth'; obj/host.o:/media/ryanfeng/HardDisk/Study/Git_Repos/streaming_arc/vitis/streaming_vgg16/streaming_vgg16/hls/csim/build/../../../../../source/define_.h:384: first defined here
/tools/Xilinx/Vivado/2023.2/tps/lnx64/binutils-2.37/bin/ld: obj/one_layer.o:/media/ryanfeng/HardDisk/Study/Git_Repos/streaming_arc/vitis/streaming_vgg16/streaming_vgg16/hls/csim/build/../../../../../source/define_.h:385: multiple definition of `ifm_9_gen_stream_depth'; obj/host.o:/media/ryanfeng/HardDisk/Study/Git_Repos/streaming_arc/vitis/streaming_vgg16/streaming_vgg16/hls/csim/build/../../../../../source/define_.h:385: first defined here
/tools/Xilinx/Vivado/2023.2/tps/lnx64/binutils-2.37/bin/ld: obj/one_layer.o:/media/ryanfeng/HardDisk/Study/Git_Repos/streaming_arc/vitis/streaming_vgg16/streaming_vgg16/hls/csim/build/../../../../../source/define_.h:386: multiple definition of `ifm_10_gen_stream_depth'; obj/host.o:/media/ryanfeng/HardDisk/Study/Git_Repos/streaming_arc/vitis/streaming_vgg16/streaming_vgg16/hls/csim/build/../../../../../source/define_.h:386: first defined here
/tools/Xilinx/Vivado/2023.2/tps/lnx64/binutils-2.37/bin/ld: obj/one_layer.o:/media/ryanfeng/HardDisk/Study/Git_Repos/streaming_arc/vitis/streaming_vgg16/streaming_vgg16/hls/csim/build/../../../../../source/define_.h:387: multiple definition of `ifm_11_gen_stream_depth'; obj/host.o:/media/ryanfeng/HardDisk/Study/Git_Repos/streaming_arc/vitis/streaming_vgg16/streaming_vgg16/hls/csim/build/../../../../../source/define_.h:387: first defined here
/tools/Xilinx/Vivado/2023.2/tps/lnx64/binutils-2.37/bin/ld: obj/one_layer.o:/media/ryanfeng/HardDisk/Study/Git_Repos/streaming_arc/vitis/streaming_vgg16/streaming_vgg16/hls/csim/build/../../../../../source/define_.h:388: multiple definition of `ifm_12_gen_stream_depth'; obj/host.o:/media/ryanfeng/HardDisk/Study/Git_Repos/streaming_arc/vitis/streaming_vgg16/streaming_vgg16/hls/csim/build/../../../../../source/define_.h:388: first defined here
/tools/Xilinx/Vivado/2023.2/tps/lnx64/binutils-2.37/bin/ld: obj/one_layer.o:/media/ryanfeng/HardDisk/Study/Git_Repos/streaming_arc/vitis/streaming_vgg16/streaming_vgg16/hls/csim/build/../../../../../source/define_.h:389: multiple definition of `ifm_13_gen_stream_depth'; obj/host.o:/media/ryanfeng/HardDisk/Study/Git_Repos/streaming_arc/vitis/streaming_vgg16/streaming_vgg16/hls/csim/build/../../../../../source/define_.h:389: first defined here
/tools/Xilinx/Vivado/2023.2/tps/lnx64/binutils-2.37/bin/ld: obj/one_layer.o:/media/ryanfeng/HardDisk/Study/Git_Repos/streaming_arc/vitis/streaming_vgg16/streaming_vgg16/hls/csim/build/../../../../../source/define_.h:390: multiple definition of `ifm_14_gen_stream_depth'; obj/host.o:/media/ryanfeng/HardDisk/Study/Git_Repos/streaming_arc/vitis/streaming_vgg16/streaming_vgg16/hls/csim/build/../../../../../source/define_.h:390: first defined here
/tools/Xilinx/Vivado/2023.2/tps/lnx64/binutils-2.37/bin/ld: obj/one_layer.o:/media/ryanfeng/HardDisk/Study/Git_Repos/streaming_arc/vitis/streaming_vgg16/streaming_vgg16/hls/csim/build/../../../../../source/define_.h:391: multiple definition of `ifm_15_gen_stream_depth'; obj/host.o:/media/ryanfeng/HardDisk/Study/Git_Repos/streaming_arc/vitis/streaming_vgg16/streaming_vgg16/hls/csim/build/../../../../../source/define_.h:391: first defined here
/tools/Xilinx/Vivado/2023.2/tps/lnx64/binutils-2.37/bin/ld: obj/one_layer.o:/media/ryanfeng/HardDisk/Study/Git_Repos/streaming_arc/vitis/streaming_vgg16/streaming_vgg16/hls/csim/build/../../../../../source/define_.h:392: multiple definition of `ifm_16_gen_stream_depth'; obj/host.o:/media/ryanfeng/HardDisk/Study/Git_Repos/streaming_arc/vitis/streaming_vgg16/streaming_vgg16/hls/csim/build/../../../../../source/define_.h:392: first defined here
/tools/Xilinx/Vivado/2023.2/tps/lnx64/binutils-2.37/bin/ld: obj/one_layer.o:/media/ryanfeng/HardDisk/Study/Git_Repos/streaming_arc/vitis/streaming_vgg16/streaming_vgg16/hls/csim/build/../../../../../source/define_.h:395: multiple definition of `mul_1_result_stream_depth'; obj/host.o:/media/ryanfeng/HardDisk/Study/Git_Repos/streaming_arc/vitis/streaming_vgg16/streaming_vgg16/hls/csim/build/../../../../../source/define_.h:395: first defined here
/tools/Xilinx/Vivado/2023.2/tps/lnx64/binutils-2.37/bin/ld: obj/one_layer.o:/media/ryanfeng/HardDisk/Study/Git_Repos/streaming_arc/vitis/streaming_vgg16/streaming_vgg16/hls/csim/build/../../../../../source/define_.h:396: multiple definition of `mul_2_result_stream_depth'; obj/host.o:/media/ryanfeng/HardDisk/Study/Git_Repos/streaming_arc/vitis/streaming_vgg16/streaming_vgg16/hls/csim/build/../../../../../source/define_.h:396: first defined here
/tools/Xilinx/Vivado/2023.2/tps/lnx64/binutils-2.37/bin/ld: obj/one_layer.o:/media/ryanfeng/HardDisk/Study/Git_Repos/streaming_arc/vitis/streaming_vgg16/streaming_vgg16/hls/csim/build/../../../../../source/define_.h:397: multiple definition of `mul_3_result_stream_depth'; obj/host.o:/media/ryanfeng/HardDisk/Study/Git_Repos/streaming_arc/vitis/streaming_vgg16/streaming_vgg16/hls/csim/build/../../../../../source/define_.h:397: first defined here
/tools/Xilinx/Vivado/2023.2/tps/lnx64/binutils-2.37/bin/ld: obj/one_layer.o:/media/ryanfeng/HardDisk/Study/Git_Repos/streaming_arc/vitis/streaming_vgg16/streaming_vgg16/hls/csim/build/../../../../../source/define_.h:398: multiple definition of `mul_4_result_stream_depth'; obj/host.o:/media/ryanfeng/HardDisk/Study/Git_Repos/streaming_arc/vitis/streaming_vgg16/streaming_vgg16/hls/csim/build/../../../../../source/define_.h:398: first defined here
/tools/Xilinx/Vivado/2023.2/tps/lnx64/binutils-2.37/bin/ld: obj/one_layer.o:/media/ryanfeng/HardDisk/Study/Git_Repos/streaming_arc/vitis/streaming_vgg16/streaming_vgg16/hls/csim/build/../../../../../source/define_.h:399: multiple definition of `mul_5_result_stream_depth'; obj/host.o:/media/ryanfeng/HardDisk/Study/Git_Repos/streaming_arc/vitis/streaming_vgg16/streaming_vgg16/hls/csim/build/../../../../../source/define_.h:399: first defined here
/tools/Xilinx/Vivado/2023.2/tps/lnx64/binutils-2.37/bin/ld: obj/one_layer.o:/media/ryanfeng/HardDisk/Study/Git_Repos/streaming_arc/vitis/streaming_vgg16/streaming_vgg16/hls/csim/build/../../../../../source/define_.h:400: multiple definition of `mul_6_result_stream_depth'; obj/host.o:/media/ryanfeng/HardDisk/Study/Git_Repos/streaming_arc/vitis/streaming_vgg16/streaming_vgg16/hls/csim/build/../../../../../source/define_.h:400: first defined here
/tools/Xilinx/Vivado/2023.2/tps/lnx64/binutils-2.37/bin/ld: obj/one_layer.o:/media/ryanfeng/HardDisk/Study/Git_Repos/streaming_arc/vitis/streaming_vgg16/streaming_vgg16/hls/csim/build/../../../../../source/define_.h:401: multiple definition of `mul_7_result_stream_depth'; obj/host.o:/media/ryanfeng/HardDisk/Study/Git_Repos/streaming_arc/vitis/streaming_vgg16/streaming_vgg16/hls/csim/build/../../../../../source/define_.h:401: first defined here
/tools/Xilinx/Vivado/2023.2/tps/lnx64/binutils-2.37/bin/ld: obj/one_layer.o:/media/ryanfeng/HardDisk/Study/Git_Repos/streaming_arc/vitis/streaming_vgg16/streaming_vgg16/hls/csim/build/../../../../../source/define_.h:402: multiple definition of `mul_8_result_stream_depth'; obj/host.o:/media/ryanfeng/HardDisk/Study/Git_Repos/streaming_arc/vitis/streaming_vgg16/streaming_vgg16/hls/csim/build/../../../../../source/define_.h:402: first defined here
/tools/Xilinx/Vivado/2023.2/tps/lnx64/binutils-2.37/bin/ld: obj/one_layer.o:/media/ryanfeng/HardDisk/Study/Git_Repos/streaming_arc/vitis/streaming_vgg16/streaming_vgg16/hls/csim/build/../../../../../source/define_.h:403: multiple definition of `mul_9_result_stream_depth'; obj/host.o:/media/ryanfeng/HardDisk/Study/Git_Repos/streaming_arc/vitis/streaming_vgg16/streaming_vgg16/hls/csim/build/../../../../../source/define_.h:403: first defined here
/tools/Xilinx/Vivado/2023.2/tps/lnx64/binutils-2.37/bin/ld: obj/one_layer.o:/media/ryanfeng/HardDisk/Study/Git_Repos/streaming_arc/vitis/streaming_vgg16/streaming_vgg16/hls/csim/build/../../../../../source/define_.h:404: multiple definition of `mul_10_result_stream_depth'; obj/host.o:/media/ryanfeng/HardDisk/Study/Git_Repos/streaming_arc/vitis/streaming_vgg16/streaming_vgg16/hls/csim/build/../../../../../source/define_.h:404: first defined here
/tools/Xilinx/Vivado/2023.2/tps/lnx64/binutils-2.37/bin/ld: obj/one_layer.o:/media/ryanfeng/HardDisk/Study/Git_Repos/streaming_arc/vitis/streaming_vgg16/streaming_vgg16/hls/csim/build/../../../../../source/define_.h:405: multiple definition of `mul_11_result_stream_depth'; obj/host.o:/media/ryanfeng/HardDisk/Study/Git_Repos/streaming_arc/vitis/streaming_vgg16/streaming_vgg16/hls/csim/build/../../../../../source/define_.h:405: first defined here
/tools/Xilinx/Vivado/2023.2/tps/lnx64/binutils-2.37/bin/ld: obj/one_layer.o:/media/ryanfeng/HardDisk/Study/Git_Repos/streaming_arc/vitis/streaming_vgg16/streaming_vgg16/hls/csim/build/../../../../../source/define_.h:406: multiple definition of `mul_12_result_stream_depth'; obj/host.o:/media/ryanfeng/HardDisk/Study/Git_Repos/streaming_arc/vitis/streaming_vgg16/streaming_vgg16/hls/csim/build/../../../../../source/define_.h:406: first defined here
/tools/Xilinx/Vivado/2023.2/tps/lnx64/binutils-2.37/bin/ld: obj/one_layer.o:/media/ryanfeng/HardDisk/Study/Git_Repos/streaming_arc/vitis/streaming_vgg16/streaming_vgg16/hls/csim/build/../../../../../source/define_.h:407: multiple definition of `mul_13_result_stream_depth'; obj/host.o:/media/ryanfeng/HardDisk/Study/Git_Repos/streaming_arc/vitis/streaming_vgg16/streaming_vgg16/hls/csim/build/../../../../../source/define_.h:407: first defined here
/tools/Xilinx/Vivado/2023.2/tps/lnx64/binutils-2.37/bin/ld: obj/one_layer.o:/media/ryanfeng/HardDisk/Study/Git_Repos/streaming_arc/vitis/streaming_vgg16/streaming_vgg16/hls/csim/build/../../../../../source/define_.h:408: multiple definition of `mul_14_result_stream_depth'; obj/host.o:/media/ryanfeng/HardDisk/Study/Git_Repos/streaming_arc/vitis/streaming_vgg16/streaming_vgg16/hls/csim/build/../../../../../source/define_.h:408: first defined here
/tools/Xilinx/Vivado/2023.2/tps/lnx64/binutils-2.37/bin/ld: obj/one_layer.o:/media/ryanfeng/HardDisk/Study/Git_Repos/streaming_arc/vitis/streaming_vgg16/streaming_vgg16/hls/csim/build/../../../../../source/define_.h:409: multiple definition of `mul_15_result_stream_depth'; obj/host.o:/media/ryanfeng/HardDisk/Study/Git_Repos/streaming_arc/vitis/streaming_vgg16/streaming_vgg16/hls/csim/build/../../../../../source/define_.h:409: first defined here
/tools/Xilinx/Vivado/2023.2/tps/lnx64/binutils-2.37/bin/ld: obj/one_layer.o:/media/ryanfeng/HardDisk/Study/Git_Repos/streaming_arc/vitis/streaming_vgg16/streaming_vgg16/hls/csim/build/../../../../../source/define_.h:410: multiple definition of `mul_16_result_stream_depth'; obj/host.o:/media/ryanfeng/HardDisk/Study/Git_Repos/streaming_arc/vitis/streaming_vgg16/streaming_vgg16/hls/csim/build/../../../../../source/define_.h:410: first defined here
/tools/Xilinx/Vivado/2023.2/tps/lnx64/binutils-2.37/bin/ld: obj/one_layer.o:/media/ryanfeng/HardDisk/Study/Git_Repos/streaming_arc/vitis/streaming_vgg16/streaming_vgg16/hls/csim/build/../../../../../source/define_.h:413: multiple definition of `pooling_1_result_stream_depth'; obj/host.o:/media/ryanfeng/HardDisk/Study/Git_Repos/streaming_arc/vitis/streaming_vgg16/streaming_vgg16/hls/csim/build/../../../../../source/define_.h:413: first defined here
/tools/Xilinx/Vivado/2023.2/tps/lnx64/binutils-2.37/bin/ld: obj/one_layer.o:/media/ryanfeng/HardDisk/Study/Git_Repos/streaming_arc/vitis/streaming_vgg16/streaming_vgg16/hls/csim/build/../../../../../source/define_.h:414: multiple definition of `pooling_2_result_stream_depth'; obj/host.o:/media/ryanfeng/HardDisk/Study/Git_Repos/streaming_arc/vitis/streaming_vgg16/streaming_vgg16/hls/csim/build/../../../../../source/define_.h:414: first defined here
/tools/Xilinx/Vivado/2023.2/tps/lnx64/binutils-2.37/bin/ld: obj/one_layer.o:/media/ryanfeng/HardDisk/Study/Git_Repos/streaming_arc/vitis/streaming_vgg16/streaming_vgg16/hls/csim/build/../../../../../source/define_.h:415: multiple definition of `pooling_3_result_stream_depth'; obj/host.o:/media/ryanfeng/HardDisk/Study/Git_Repos/streaming_arc/vitis/streaming_vgg16/streaming_vgg16/hls/csim/build/../../../../../source/define_.h:415: first defined here
/tools/Xilinx/Vivado/2023.2/tps/lnx64/binutils-2.37/bin/ld: obj/one_layer.o:/media/ryanfeng/HardDisk/Study/Git_Repos/streaming_arc/vitis/streaming_vgg16/streaming_vgg16/hls/csim/build/../../../../../source/define_.h:416: multiple definition of `pooling_4_result_stream_depth'; obj/host.o:/media/ryanfeng/HardDisk/Study/Git_Repos/streaming_arc/vitis/streaming_vgg16/streaming_vgg16/hls/csim/build/../../../../../source/define_.h:416: first defined here
/tools/Xilinx/Vivado/2023.2/tps/lnx64/binutils-2.37/bin/ld: obj/one_layer.o:/media/ryanfeng/HardDisk/Study/Git_Repos/streaming_arc/vitis/streaming_vgg16/streaming_vgg16/hls/csim/build/../../../../../source/define_.h:417: multiple definition of `pooling_5_result_stream_depth'; obj/host.o:/media/ryanfeng/HardDisk/Study/Git_Repos/streaming_arc/vitis/streaming_vgg16/streaming_vgg16/hls/csim/build/../../../../../source/define_.h:417: first defined here
/tools/Xilinx/Vivado/2023.2/tps/lnx64/binutils-2.37/bin/ld: obj/one_layer.o:/media/ryanfeng/HardDisk/Study/Git_Repos/streaming_arc/vitis/streaming_vgg16/streaming_vgg16/hls/csim/build/../../../../../source/define_.h:418: multiple definition of `pooling_6_result_stream_depth'; obj/host.o:/media/ryanfeng/HardDisk/Study/Git_Repos/streaming_arc/vitis/streaming_vgg16/streaming_vgg16/hls/csim/build/../../../../../source/define_.h:418: first defined here
/tools/Xilinx/Vivado/2023.2/tps/lnx64/binutils-2.37/bin/ld: obj/one_layer.o:/media/ryanfeng/HardDisk/Study/Git_Repos/streaming_arc/vitis/streaming_vgg16/streaming_vgg16/hls/csim/build/../../../../../source/define_.h:419: multiple definition of `pooling_7_result_stream_depth'; obj/host.o:/media/ryanfeng/HardDisk/Study/Git_Repos/streaming_arc/vitis/streaming_vgg16/streaming_vgg16/hls/csim/build/../../../../../source/define_.h:419: first defined here
/tools/Xilinx/Vivado/2023.2/tps/lnx64/binutils-2.37/bin/ld: obj/one_layer.o:/media/ryanfeng/HardDisk/Study/Git_Repos/streaming_arc/vitis/streaming_vgg16/streaming_vgg16/hls/csim/build/../../../../../source/define_.h:420: multiple definition of `pooling_8_result_stream_depth'; obj/host.o:/media/ryanfeng/HardDisk/Study/Git_Repos/streaming_arc/vitis/streaming_vgg16/streaming_vgg16/hls/csim/build/../../../../../source/define_.h:420: first defined here
/tools/Xilinx/Vivado/2023.2/tps/lnx64/binutils-2.37/bin/ld: obj/one_layer.o:/media/ryanfeng/HardDisk/Study/Git_Repos/streaming_arc/vitis/streaming_vgg16/streaming_vgg16/hls/csim/build/../../../../../source/define_.h:421: multiple definition of `pooling_9_result_stream_depth'; obj/host.o:/media/ryanfeng/HardDisk/Study/Git_Repos/streaming_arc/vitis/streaming_vgg16/streaming_vgg16/hls/csim/build/../../../../../source/define_.h:421: first defined here
/tools/Xilinx/Vivado/2023.2/tps/lnx64/binutils-2.37/bin/ld: obj/one_layer.o:/media/ryanfeng/HardDisk/Study/Git_Repos/streaming_arc/vitis/streaming_vgg16/streaming_vgg16/hls/csim/build/../../../../../source/define_.h:422: multiple definition of `pooling_10_result_stream_depth'; obj/host.o:/media/ryanfeng/HardDisk/Study/Git_Repos/streaming_arc/vitis/streaming_vgg16/streaming_vgg16/hls/csim/build/../../../../../source/define_.h:422: first defined here
/tools/Xilinx/Vivado/2023.2/tps/lnx64/binutils-2.37/bin/ld: obj/one_layer.o:/media/ryanfeng/HardDisk/Study/Git_Repos/streaming_arc/vitis/streaming_vgg16/streaming_vgg16/hls/csim/build/../../../../../source/define_.h:423: multiple definition of `pooling_11_result_stream_depth'; obj/host.o:/media/ryanfeng/HardDisk/Study/Git_Repos/streaming_arc/vitis/streaming_vgg16/streaming_vgg16/hls/csim/build/../../../../../source/define_.h:423: first defined here
/tools/Xilinx/Vivado/2023.2/tps/lnx64/binutils-2.37/bin/ld: obj/one_layer.o:/media/ryanfeng/HardDisk/Study/Git_Repos/streaming_arc/vitis/streaming_vgg16/streaming_vgg16/hls/csim/build/../../../../../source/define_.h:424: multiple definition of `pooling_12_result_stream_depth'; obj/host.o:/media/ryanfeng/HardDisk/Study/Git_Repos/streaming_arc/vitis/streaming_vgg16/streaming_vgg16/hls/csim/build/../../../../../source/define_.h:424: first defined here
/tools/Xilinx/Vivado/2023.2/tps/lnx64/binutils-2.37/bin/ld: obj/one_layer.o:/media/ryanfeng/HardDisk/Study/Git_Repos/streaming_arc/vitis/streaming_vgg16/streaming_vgg16/hls/csim/build/../../../../../source/define_.h:425: multiple definition of `pooling_13_result_stream_depth'; obj/host.o:/media/ryanfeng/HardDisk/Study/Git_Repos/streaming_arc/vitis/streaming_vgg16/streaming_vgg16/hls/csim/build/../../../../../source/define_.h:425: first defined here
/tools/Xilinx/Vivado/2023.2/tps/lnx64/binutils-2.37/bin/ld: obj/one_layer.o:/media/ryanfeng/HardDisk/Study/Git_Repos/streaming_arc/vitis/streaming_vgg16/streaming_vgg16/hls/csim/build/../../../../../source/define_.h:426: multiple definition of `pooling_14_result_stream_depth'; obj/host.o:/media/ryanfeng/HardDisk/Study/Git_Repos/streaming_arc/vitis/streaming_vgg16/streaming_vgg16/hls/csim/build/../../../../../source/define_.h:426: first defined here
/tools/Xilinx/Vivado/2023.2/tps/lnx64/binutils-2.37/bin/ld: obj/one_layer.o:/media/ryanfeng/HardDisk/Study/Git_Repos/streaming_arc/vitis/streaming_vgg16/streaming_vgg16/hls/csim/build/../../../../../source/define_.h:427: multiple definition of `pooling_15_result_stream_depth'; obj/host.o:/media/ryanfeng/HardDisk/Study/Git_Repos/streaming_arc/vitis/streaming_vgg16/streaming_vgg16/hls/csim/build/../../../../../source/define_.h:427: first defined here
/tools/Xilinx/Vivado/2023.2/tps/lnx64/binutils-2.37/bin/ld: obj/one_layer.o:/media/ryanfeng/HardDisk/Study/Git_Repos/streaming_arc/vitis/streaming_vgg16/streaming_vgg16/hls/csim/build/../../../../../source/define_.h:428: multiple definition of `pooling_16_result_stream_depth'; obj/host.o:/media/ryanfeng/HardDisk/Study/Git_Repos/streaming_arc/vitis/streaming_vgg16/streaming_vgg16/hls/csim/build/../../../../../source/define_.h:428: first defined here
collect2: error: ld returned 1 exit status
make: *** [Makefile.rules:318: csim.exe] Error 1
ERROR: [SIM 211-100] 'csim_design' failed: compilation error(s).
INFO: [SIM 211-3] *************** CSIM finish ***************
INFO: [HLS 200-111] Finished Command csim_design CPU user time: 2.3 seconds. CPU system time: 0.24 seconds. Elapsed time: 2.57 seconds; current allocated memory: 0.000 MB.
INFO: [HLS 200-1510] Running: close_project 
ERROR: 4
INFO: [HLS 200-112] Total CPU user time: 3.2 seconds. Total CPU system time: 0.34 seconds. Total elapsed time: 3.46 seconds; peak allocated memory: 290.316 MB.
INFO: [Common 17-206] Exiting vitis_hls at Tue Sep 24 00:45:21 2024...
