INFO: [vitis-run 60-1548] Creating build summary session with primary output /media/ryanfeng/HardDisk/Study/Git_Repos/streaming_arc/vitis/streaming_vgg16/streaming_vgg16/streaming_vgg16.hlsrun_csim_summary, at Tue Sep 24 01:20:52 2024
INFO: [vitis-run 82-31] Launching vitis_hls: vitis_hls -nolog -run csim -work_dir /media/ryanfeng/HardDisk/Study/Git_Repos/streaming_arc/vitis/streaming_vgg16/streaming_vgg16 -config /media/ryanfeng/HardDisk/Study/Git_Repos/streaming_arc/vitis/streaming_vgg16/streaming_vgg16/hls-debug.cfg -config /media/ryanfeng/HardDisk/Study/Git_Repos/streaming_arc/vitis/streaming_vgg16/hls_config.cfg -cmdlineconfig /media/ryanfeng/HardDisk/Study/Git_Repos/streaming_arc/vitis/streaming_vgg16/streaming_vgg16/hls/config.cmdline

****** Vitis HLS - High-Level Synthesis from C, C++ and OpenCL v2023.2 (64-bit)
  **** SW Build 4023990 on Oct 11 2023
  **** IP Build 4028589 on Sat Oct 14 00:45:43 MDT 2023
  **** SharedData Build 4025554 on Tue Oct 10 17:18:54 MDT 2023
    ** Copyright 1986-2022 Xilinx, Inc. All Rights Reserved.
    ** Copyright 2022-2023 Advanced Micro Devices, Inc. All Rights Reserved.

source /tools/Xilinx/Vitis_HLS/2023.2/scripts/vitis_hls/hls.tcl -notrace
INFO: [HLS 200-10] Running '/tools/Xilinx/Vitis_HLS/2023.2/bin/unwrapped/lnx64.o/vitis_hls'
INFO: [HLS 200-10] For user 'ryanfeng' on host 'ryanfeng-System-Product-Name' (Linux_x86_64 version 6.8.0-45-generic) on Tue Sep 24 01:20:53 PDT 2024
INFO: [HLS 200-10] On os Ubuntu 22.04.5 LTS
INFO: [HLS 200-10] In directory '/media/ryanfeng/HardDisk/Study/Git_Repos/streaming_arc/vitis/streaming_vgg16'
INFO: [HLS 200-1909] Reading HLS ini file /media/ryanfeng/HardDisk/Study/Git_Repos/streaming_arc/vitis/streaming_vgg16/hls_config.cfg
INFO: [HLS 200-1909] Reading HLS ini file /media/ryanfeng/HardDisk/Study/Git_Repos/streaming_arc/vitis/streaming_vgg16/streaming_vgg16/hls-debug.cfg
INFO: [HLS 200-1909] Reading HLS ini file /media/ryanfeng/HardDisk/Study/Git_Repos/streaming_arc/vitis/streaming_vgg16/streaming_vgg16/hls/config.cmdline
INFO: [HLS 200-2005] Using work_dir /media/ryanfeng/HardDisk/Study/Git_Repos/streaming_arc/vitis/streaming_vgg16/streaming_vgg16 
INFO: [HLS 200-1510] Running: open_project /media/ryanfeng/HardDisk/Study/Git_Repos/streaming_arc/vitis/streaming_vgg16/streaming_vgg16 -diskless 
INFO: [HLS 200-1510] Running: open_solution hls 
INFO: [HLS 200-1505] Using default flow_target 'vivado'
Resolution: For help on HLS 200-1505 see docs.xilinx.com/access/sources/dita/topic?Doc_Version=2023.2%20English&url=ug1448-hls-guidance&resourceid=200-1505.html
INFO: [HLS 200-1510] Running: apply_ini /media/ryanfeng/HardDisk/Study/Git_Repos/streaming_arc/vitis/streaming_vgg16/hls_config.cfg 
INFO: [HLS 200-1909] Reading HLS ini file /media/ryanfeng/HardDisk/Study/Git_Repos/streaming_arc/vitis/streaming_vgg16/hls_config.cfg
INFO: [HLS 200-1465] Applying ini 'syn.file=/media/ryanfeng/HardDisk/Study/Git_Repos/streaming_arc/vitis/source/activations.hpp' at /media/ryanfeng/HardDisk/Study/Git_Repos/streaming_arc/vitis/streaming_vgg16/hls_config.cfg(11)
INFO: [HLS 200-10] Adding design file '/media/ryanfeng/HardDisk/Study/Git_Repos/streaming_arc/vitis/source/activations.hpp' to the project
INFO: [HLS 200-1465] Applying ini 'syn.file=/media/ryanfeng/HardDisk/Study/Git_Repos/streaming_arc/vitis/source/bnn-library.h' at /media/ryanfeng/HardDisk/Study/Git_Repos/streaming_arc/vitis/streaming_vgg16/hls_config.cfg(12)
INFO: [HLS 200-10] Adding design file '/media/ryanfeng/HardDisk/Study/Git_Repos/streaming_arc/vitis/source/bnn-library.h' to the project
INFO: [HLS 200-1465] Applying ini 'syn.file=/media/ryanfeng/HardDisk/Study/Git_Repos/streaming_arc/vitis/source/conv.hpp' at /media/ryanfeng/HardDisk/Study/Git_Repos/streaming_arc/vitis/streaming_vgg16/hls_config.cfg(13)
INFO: [HLS 200-10] Adding design file '/media/ryanfeng/HardDisk/Study/Git_Repos/streaming_arc/vitis/source/conv.hpp' to the project
INFO: [HLS 200-1465] Applying ini 'syn.file=/media/ryanfeng/HardDisk/Study/Git_Repos/streaming_arc/vitis/source/convlayer.h' at /media/ryanfeng/HardDisk/Study/Git_Repos/streaming_arc/vitis/streaming_vgg16/hls_config.cfg(14)
INFO: [HLS 200-10] Adding design file '/media/ryanfeng/HardDisk/Study/Git_Repos/streaming_arc/vitis/source/convlayer.h' to the project
INFO: [HLS 200-1465] Applying ini 'syn.file=/media/ryanfeng/HardDisk/Study/Git_Repos/streaming_arc/vitis/source/define_.h' at /media/ryanfeng/HardDisk/Study/Git_Repos/streaming_arc/vitis/streaming_vgg16/hls_config.cfg(15)
INFO: [HLS 200-10] Adding design file '/media/ryanfeng/HardDisk/Study/Git_Repos/streaming_arc/vitis/source/define_.h' to the project
INFO: [HLS 200-1465] Applying ini 'syn.file=/media/ryanfeng/HardDisk/Study/Git_Repos/streaming_arc/vitis/source/dma.h' at /media/ryanfeng/HardDisk/Study/Git_Repos/streaming_arc/vitis/streaming_vgg16/hls_config.cfg(16)
INFO: [HLS 200-10] Adding design file '/media/ryanfeng/HardDisk/Study/Git_Repos/streaming_arc/vitis/source/dma.h' to the project
INFO: [HLS 200-1465] Applying ini 'syn.file=/media/ryanfeng/HardDisk/Study/Git_Repos/streaming_arc/vitis/source/fclayer.h' at /media/ryanfeng/HardDisk/Study/Git_Repos/streaming_arc/vitis/streaming_vgg16/hls_config.cfg(17)
INFO: [HLS 200-10] Adding design file '/media/ryanfeng/HardDisk/Study/Git_Repos/streaming_arc/vitis/source/fclayer.h' to the project
INFO: [HLS 200-1465] Applying ini 'syn.file=/media/ryanfeng/HardDisk/Study/Git_Repos/streaming_arc/vitis/source/interpret.hpp' at /media/ryanfeng/HardDisk/Study/Git_Repos/streaming_arc/vitis/streaming_vgg16/hls_config.cfg(18)
INFO: [HLS 200-10] Adding design file '/media/ryanfeng/HardDisk/Study/Git_Repos/streaming_arc/vitis/source/interpret.hpp' to the project
INFO: [HLS 200-1465] Applying ini 'syn.file=/media/ryanfeng/HardDisk/Study/Git_Repos/streaming_arc/vitis/source/mac.hpp' at /media/ryanfeng/HardDisk/Study/Git_Repos/streaming_arc/vitis/streaming_vgg16/hls_config.cfg(19)
INFO: [HLS 200-10] Adding design file '/media/ryanfeng/HardDisk/Study/Git_Repos/streaming_arc/vitis/source/mac.hpp' to the project
INFO: [HLS 200-1465] Applying ini 'syn.file=/media/ryanfeng/HardDisk/Study/Git_Repos/streaming_arc/vitis/source/maxpool.h' at /media/ryanfeng/HardDisk/Study/Git_Repos/streaming_arc/vitis/streaming_vgg16/hls_config.cfg(20)
INFO: [HLS 200-10] Adding design file '/media/ryanfeng/HardDisk/Study/Git_Repos/streaming_arc/vitis/source/maxpool.h' to the project
INFO: [HLS 200-1465] Applying ini 'syn.file=/media/ryanfeng/HardDisk/Study/Git_Repos/streaming_arc/vitis/source/mmv.hpp' at /media/ryanfeng/HardDisk/Study/Git_Repos/streaming_arc/vitis/streaming_vgg16/hls_config.cfg(21)
INFO: [HLS 200-10] Adding design file '/media/ryanfeng/HardDisk/Study/Git_Repos/streaming_arc/vitis/source/mmv.hpp' to the project
INFO: [HLS 200-1465] Applying ini 'syn.file=/media/ryanfeng/HardDisk/Study/Git_Repos/streaming_arc/vitis/source/mvau.hpp' at /media/ryanfeng/HardDisk/Study/Git_Repos/streaming_arc/vitis/streaming_vgg16/hls_config.cfg(22)
INFO: [HLS 200-10] Adding design file '/media/ryanfeng/HardDisk/Study/Git_Repos/streaming_arc/vitis/source/mvau.hpp' to the project
INFO: [HLS 200-1465] Applying ini 'syn.file=/media/ryanfeng/HardDisk/Study/Git_Repos/streaming_arc/vitis/source/one_layer.cpp' at /media/ryanfeng/HardDisk/Study/Git_Repos/streaming_arc/vitis/streaming_vgg16/hls_config.cfg(23)
INFO: [HLS 200-10] Adding design file '/media/ryanfeng/HardDisk/Study/Git_Repos/streaming_arc/vitis/source/one_layer.cpp' to the project
INFO: [HLS 200-1465] Applying ini 'syn.file=/media/ryanfeng/HardDisk/Study/Git_Repos/streaming_arc/vitis/source/slidingwindow.h' at /media/ryanfeng/HardDisk/Study/Git_Repos/streaming_arc/vitis/streaming_vgg16/hls_config.cfg(24)
INFO: [HLS 200-10] Adding design file '/media/ryanfeng/HardDisk/Study/Git_Repos/streaming_arc/vitis/source/slidingwindow.h' to the project
INFO: [HLS 200-1465] Applying ini 'syn.file=/media/ryanfeng/HardDisk/Study/Git_Repos/streaming_arc/vitis/source/streamtools.h' at /media/ryanfeng/HardDisk/Study/Git_Repos/streaming_arc/vitis/streaming_vgg16/hls_config.cfg(25)
INFO: [HLS 200-10] Adding design file '/media/ryanfeng/HardDisk/Study/Git_Repos/streaming_arc/vitis/source/streamtools.h' to the project
INFO: [HLS 200-1465] Applying ini 'syn.file=/media/ryanfeng/HardDisk/Study/Git_Repos/streaming_arc/vitis/source/tmrcheck.hpp' at /media/ryanfeng/HardDisk/Study/Git_Repos/streaming_arc/vitis/streaming_vgg16/hls_config.cfg(26)
INFO: [HLS 200-10] Adding design file '/media/ryanfeng/HardDisk/Study/Git_Repos/streaming_arc/vitis/source/tmrcheck.hpp' to the project
INFO: [HLS 200-1465] Applying ini 'syn.file=/media/ryanfeng/HardDisk/Study/Git_Repos/streaming_arc/vitis/source/upsample.hpp' at /media/ryanfeng/HardDisk/Study/Git_Repos/streaming_arc/vitis/streaming_vgg16/hls_config.cfg(27)
INFO: [HLS 200-10] Adding design file '/media/ryanfeng/HardDisk/Study/Git_Repos/streaming_arc/vitis/source/upsample.hpp' to the project
INFO: [HLS 200-1465] Applying ini 'syn.file=/media/ryanfeng/HardDisk/Study/Git_Repos/streaming_arc/vitis/source/utils.hpp' at /media/ryanfeng/HardDisk/Study/Git_Repos/streaming_arc/vitis/streaming_vgg16/hls_config.cfg(28)
INFO: [HLS 200-10] Adding design file '/media/ryanfeng/HardDisk/Study/Git_Repos/streaming_arc/vitis/source/utils.hpp' to the project
INFO: [HLS 200-1465] Applying ini 'syn.file=/media/ryanfeng/HardDisk/Study/Git_Repos/streaming_arc/vitis/source/vvau.hpp' at /media/ryanfeng/HardDisk/Study/Git_Repos/streaming_arc/vitis/streaming_vgg16/hls_config.cfg(29)
INFO: [HLS 200-10] Adding design file '/media/ryanfeng/HardDisk/Study/Git_Repos/streaming_arc/vitis/source/vvau.hpp' to the project
INFO: [HLS 200-1465] Applying ini 'syn.file=/media/ryanfeng/HardDisk/Study/Git_Repos/streaming_arc/vitis/source/weights.hpp' at /media/ryanfeng/HardDisk/Study/Git_Repos/streaming_arc/vitis/streaming_vgg16/hls_config.cfg(30)
INFO: [HLS 200-10] Adding design file '/media/ryanfeng/HardDisk/Study/Git_Repos/streaming_arc/vitis/source/weights.hpp' to the project
INFO: [HLS 200-1465] Applying ini 'syn.file=/media/ryanfeng/HardDisk/Study/Git_Repos/streaming_arc/vitis/source/one_layer.hpp' at /media/ryanfeng/HardDisk/Study/Git_Repos/streaming_arc/vitis/streaming_vgg16/hls_config.cfg(31)
INFO: [HLS 200-10] Adding design file '/media/ryanfeng/HardDisk/Study/Git_Repos/streaming_arc/vitis/source/one_layer.hpp' to the project
INFO: [HLS 200-1465] Applying ini 'tb.file=/media/ryanfeng/HardDisk/Study/Git_Repos/streaming_arc/vitis/source/host.cpp' at /media/ryanfeng/HardDisk/Study/Git_Repos/streaming_arc/vitis/streaming_vgg16/hls_config.cfg(9)
INFO: [HLS 200-10] Adding test bench file '/media/ryanfeng/HardDisk/Study/Git_Repos/streaming_arc/vitis/source/host.cpp' to the project
INFO: [HLS 200-1465] Applying ini 'syn.top=one_layer' at /media/ryanfeng/HardDisk/Study/Git_Repos/streaming_arc/vitis/streaming_vgg16/hls_config.cfg(8)
INFO: [HLS 200-1465] Applying ini 'flow_target=vivado' at /media/ryanfeng/HardDisk/Study/Git_Repos/streaming_arc/vitis/streaming_vgg16/hls_config.cfg(4)
INFO: [HLS 200-1505] Using flow_target 'vivado'
Resolution: For help on HLS 200-1505 see docs.xilinx.com/access/sources/dita/topic?Doc_Version=2023.2%20English&url=ug1448-hls-guidance&resourceid=200-1505.html
INFO: [HLS 200-1465] Applying ini 'part=xcvu9p-flga2104-2-i' at /media/ryanfeng/HardDisk/Study/Git_Repos/streaming_arc/vitis/streaming_vgg16/hls_config.cfg(1)
INFO: [HLS 200-1611] Setting target device to 'xcvu9p-flga2104-2-i'
INFO: [HLS 200-1465] Applying ini 'csim.clean=true' at /media/ryanfeng/HardDisk/Study/Git_Repos/streaming_arc/vitis/streaming_vgg16/hls_config.cfg(7)
INFO: [HLS 200-1465] Applying ini 'csim.code_analyzer=0' at /media/ryanfeng/HardDisk/Study/Git_Repos/streaming_arc/vitis/streaming_vgg16/hls_config.cfg(10)
INFO: [HLS 200-1465] Applying ini 'package.output.format=ip_catalog' at /media/ryanfeng/HardDisk/Study/Git_Repos/streaming_arc/vitis/streaming_vgg16/hls_config.cfg(5)
INFO: [HLS 200-1510] Running: apply_ini /media/ryanfeng/HardDisk/Study/Git_Repos/streaming_arc/vitis/streaming_vgg16/streaming_vgg16/hls-debug.cfg 
INFO: [HLS 200-1909] Reading HLS ini file /media/ryanfeng/HardDisk/Study/Git_Repos/streaming_arc/vitis/streaming_vgg16/streaming_vgg16/hls-debug.cfg
INFO: [HLS 200-1465] Applying ini 'csim.O=0' at /media/ryanfeng/HardDisk/Study/Git_Repos/streaming_arc/vitis/streaming_vgg16/streaming_vgg16/hls-debug.cfg(3)
INFO: [HLS 200-1465] Applying ini 'csim.clean=1' at /media/ryanfeng/HardDisk/Study/Git_Repos/streaming_arc/vitis/streaming_vgg16/streaming_vgg16/hls-debug.cfg(4)
INFO: [HLS 200-1465] Applying ini 'csim.setup=1' at /media/ryanfeng/HardDisk/Study/Git_Repos/streaming_arc/vitis/streaming_vgg16/streaming_vgg16/hls-debug.cfg(2)
INFO: [HLS 200-1510] Running: apply_ini /media/ryanfeng/HardDisk/Study/Git_Repos/streaming_arc/vitis/streaming_vgg16/streaming_vgg16/hls/config.cmdline 
INFO: [HLS 200-1909] Reading HLS ini file /media/ryanfeng/HardDisk/Study/Git_Repos/streaming_arc/vitis/streaming_vgg16/streaming_vgg16/hls/config.cmdline
INFO: [HLS 200-1510] Running: csim_design 
INFO: [SIM 211-2] *************** CSIM start ***************
INFO: [SIM 211-4] CSIM will launch GCC as the compiler.
INFO: [HLS 200-2036] Building debug C Simulation binaries
   Compiling ../../../../../source/host.cpp in debug mode
   Compiling ../../../../../source/one_layer.cpp in debug mode
   Generating csim.exe
In file included from /usr/include/CL/cl.h:20,
                 from ../../../../../source/host.cpp:20:
/usr/include/CL/cl_version.h:22:104: note: #pragma message: cl_version.h: CL_TARGET_OPENCL_VERSION is not defined. Defaulting to 300 (OpenCL 3.0)
 #pragma message("cl_version.h: CL_TARGET_OPENCL_VERSION is not defined. Defaulting to 300 (OpenCL 3.0)")
                                                                                                        ^
INFO: [HLS 200-2035] Skipping execution of C Simulation due to 'setup' option
INFO: [SIM 211-1] CSim file generation done with 0 errors.
INFO: [SIM 211-3] *************** CSIM finish ***************
INFO: [HLS 200-111] Finished Command csim_design CPU user time: 2.05 seconds. CPU system time: 0.21 seconds. Elapsed time: 2.29 seconds; current allocated memory: 0.000 MB.
INFO: [HLS 200-1510] Running: close_project 
INFO: [HLS 200-112] Total CPU user time: 2.94 seconds. Total CPU system time: 0.32 seconds. Total elapsed time: 3.19 seconds; peak allocated memory: 290.305 MB.
INFO: [Common 17-206] Exiting vitis_hls at Tue Sep 24 01:20:56 2024...
INFO: [vitis-run 60-791] Total elapsed time: 0h 0m 6s
