================================================================
== Design Size Report
================================================================

* C-Synthesis has not completed!

* Total Instructions per Compilation Phase
+---------------+-----------------------------+--------------+----------------------------------------------------------------------------------------+
| Phase         | Step                        | Instructions | Description                                                                            |
+---------------+-----------------------------+--------------+----------------------------------------------------------------------------------------+
| Compile/Link  |                             |  49,134      | After all functions are compiled and linked into a single design                       |
|               |                             |              |                                                                                        |
| Unroll/Inline |                             |              | After user unroll and inline pragmas are applied                                       |
|               | (1) unroll                  | 142,687 *    | user unroll pragmas are applied                                                        |
|               | (2) simplification          |  92,417      | simplification of applied user unroll pragmas                                          |
|               | (3) inline                  |  63,364      | user inline pragmas are applied                                                        |
|               | (4) simplification          |  62,370      | simplification of applied user inline pragmas                                          |
|               |                             |              |                                                                                        |
| Array/Struct  |                             |              | After user array partition and struct aggregate/disaggregate pragmas are applied       |
|               | (1) array partition         |  52,608      | user array partition pragmas are applied                                               |
|               | (2) simplification          |  50,461      | simplification of applied user array partition & struct aggregate/disaggregate pragmas |
|               | (3) aggregate/disaggregate  |  50,461      | user struct aggregate/disaggregate pragmas are applied                                 |
|               | (4) array reshape           |  50,445      | apply array reshape pragmas                                                            |
|               | (5) access patterns         |  50,719      | array access pattern optmizations                                                      |
|               |                             |              |                                                                                        |
| Performance   |                             |  50,504      | After transformations are applied to meet performance pragma targets                   |
|               |                             |              |                                                                                        |
| HW Transforms |                             | pending      | After hardware transfomations                                                          |
+---------------+-----------------------------+--------------+----------------------------------------------------------------------------------------+
    * - Exceeded design size warning message threshold

* Instructions per Function for each Compilation Phase
+------------------------------------+-------------------+-----------------+------------------+------------------+------------------+
| Function                           | Location          | Compile/Link    | Unroll/Inline    | Array/Struct     | Performance      |
+------------------------------------+-------------------+-----------------+------------------+------------------+------------------+
| + one_layer                        | one_layer.cpp:12  | 49,134          | 62,370           | 50,719           | 50,504           |
|    read_in_short<48, 3, 34, 3>     | one_layer.hpp:110 |    75           |    10            |    11            |    11            |
|    read_weight_short<48, 0, 468... | one_layer.hpp:60  |   197           |    38            |    98            |    96            |
|    Input_Generator_short_1<48, ... | one_layer.hpp:284 |   481           |   123            |   127            |   123            |
|    Mac_short_1<48, 48, 3, 13, 3... | one_layer.hpp:637 |   725           |   402            |   425            |   395            |
|    Padding<2, 32>                  | one_layer.hpp:834 |    85           |    29            |    29            |    29            |
|    read_weight_long<0, 1134, 11... | one_layer.hpp:25  |   119           |    44            |    96            |    94            |
|    Input_Generator_long<2, 1, 3... | one_layer.hpp:141 |   393           |   127            |   147            |   143            |
|    Mac_long<2, 2, 9, 3, 32, 8, ... | one_layer.hpp:536 |   664           | 6,690            | 3,630            | 3,608            |
|    Pooling<2, 32>                  | one_layer.hpp:867 | 5,494           |   402            |   402            |   402            |
|    Padding<2, 16>                  | one_layer.hpp:834 |    85           |    29            |    29            |    29            |
|    read_weight_long<0, 2250, 23... | one_layer.hpp:25  |   119           |    52            |    96            |    94            |
|    Input_Generator_long<2, 1, 1... | one_layer.hpp:141 |   393           |   123            |   143            |   139            |
|    Mac_long<2, 2, 5, 3, 16, 26,... | one_layer.hpp:536 |   664           | 2,808            | 2,044            | 2,030            |
|    Padding<4, 16>                  | one_layer.hpp:834 |    85           |    29            |    29            |    29            |
|    read_weight_long<0, 4500, 46... | one_layer.hpp:25  |   119           |    52            |   128            |   126            |
|    Input_Generator_long<4, 1, 1... | one_layer.hpp:141 |   393           |   147            |   181            |   177            |
|    Mac_long<4, 4, 5, 3, 16, 26,... | one_layer.hpp:536 |   664           | 5,628            | 3,984            | 3,970            |
|    Pooling<4, 16>                  | one_layer.hpp:867 | 5,494           |   402            |   402            |   402            |
|    Padding<4, 8>                   | one_layer.hpp:834 |    85           |    29            |    29            |    29            |
|    read_weight_long<0, 9180, 92... | one_layer.hpp:25  |   119           |    44            |    87            |    85            |
|    Input_Generator_long<4, 1, 1... | one_layer.hpp:141 |   393           |   131            |   165            |   161            |
|    Mac_long<4, 4, 3, 3, 8, 86, ... | one_layer.hpp:536 |   664           | 3,954            | 2,418            | 2,408            |
|    Padding<8, 8>                   | one_layer.hpp:834 |   170 (2 calls) |    58 (2 calls)  |    58 (2 calls)  |    58 (2 calls)  |
|    read_weight_long<0, 18360, 1... | one_layer.hpp:25  |   238 (2 calls) |    88 (2 calls)  |   238 (2 calls)  |   234 (2 calls)  |
|    Input_Generator_long<8, 1, 1... | one_layer.hpp:141 |   393           |   163            |   229            |   225            |
|    Mac_long<8, 8, 3, 3, 8, 86, ... | one_layer.hpp:536 | 1,328 (2 calls) | 16,240 (2 calls) | 9,492 (2 calls)  | 9,472 (2 calls)  |
|    Input_Generator_long<8, 1, 1... | one_layer.hpp:141 |   393           |   163            |   229            |   225            |
|    Pooling<8, 8>                   | one_layer.hpp:867 | 5,494           |   402            |   402            |   402            |
|    Padding<8, 4>                   | one_layer.hpp:834 |    85           |    29            |    29            |    29            |
|    read_weight_long<0, 36864, 3... | one_layer.hpp:25  |   119           |    29            |    63            |    63            |
|    Input_Generator_long<8, 1, 6... | one_layer.hpp:141 |   393           |   163            |   229            |   225            |
|    Mac_long<8, 8, 2, 3, 4, 256,... | one_layer.hpp:536 |   664           | 3,185            | 3,183            | 3,175            |
|    Padding<16, 4>                  | one_layer.hpp:834 |   170 (2 calls) |    58 (2 calls)  |    58 (2 calls)  |    58 (2 calls)  |
|    read_weight_long<0, 73728, 7... | one_layer.hpp:25  |   238 (2 calls) |    58 (2 calls)  |   190 (2 calls)  |   190 (2 calls)  |
|    Input_Generator_long<16, 1, ... | one_layer.hpp:141 |   393           |   227            |   357            |   353            |
|    Mac_long<16, 16, 2, 3, 4, 25... | one_layer.hpp:536 | 1,328 (2 calls) | 12,702 (2 calls) | 12,574 (2 calls) | 12,558 (2 calls) |
|    Input_Generator_long<16, 1, ... | one_layer.hpp:141 |   393           |   227            |   357            |   353            |
|    Pooling<16, 4>                  | one_layer.hpp:867 | 5,494           |   402            |   402            |   402            |
|    Padding<16, 2>                  | one_layer.hpp:834 |   255 (3 calls) |    87 (3 calls)  |    87 (3 calls)  |    87 (3 calls)  |
|    read_weight_long<0, 73728, 7... | one_layer.hpp:25  |   357 (3 calls) |    63 (3 calls)  |   114 (3 calls)  |   114 (3 calls)  |
|    Input_Generator_long<8, 2, 4... | one_layer.hpp:141 |   393           |   161            |   331            |   326            |
|    Mac_long<8, 8, 1, 3, 2, 512,... | one_layer.hpp:536 | 1,992 (3 calls) | 4,890 (3 calls)  | 4,827 (3 calls)  | 4,818 (3 calls)  |
|    Input_Generator_long<8, 2, 4... | one_layer.hpp:141 |   393           |   161            |   331            |   326            |
|    Input_Generator_long<8, 2, 3... | one_layer.hpp:141 |   393           |   161            |   331            |   326            |
|    Pooling<16, 2>                  | one_layer.hpp:867 | 5,494           |   369            |   369            |   369            |
|    read_weight_short<128, 0, 32... | one_layer.hpp:60  |   394 (2 calls) |    20 (2 calls)  |    22 (2 calls)  |    22 (2 calls)  |
|    Input_Generator_short_2<512,... | one_layer.hpp:418 |   380           |    71            |    71            |    71            |
|    Mac_short_2<128, 128, 8, 1, ... | one_layer.hpp:733 | 1,450 (2 calls) |   184 (2 calls)  |   166 (2 calls)  |   164 (2 calls)  |
|    Input_Generator_short_2<512,... | one_layer.hpp:418 |   380           |    71            |    71            |    71            |
|    read_weight_short<16, 0, 512... | one_layer.hpp:60  |   197           |    10            |    11            |    11            |
|    Input_Generator_short_2<512,... | one_layer.hpp:418 |   380           |    71            |    71            |    71            |
|    Mac_short_2<16, 16, 1, 1, 1,... | one_layer.hpp:733 |   693           |    50            |    41            |    40            |
+------------------------------------+-------------------+-----------------+------------------+------------------+------------------+

* Design Size Message Settings
+---------------------------------------------+--------+------------------------------------------------------------------+
| Message Setting                             | Value  | Description                                                      |
+---------------------------------------------+--------+------------------------------------------------------------------+
| config_compile -design_size_maximum_warning | 100000 | Show a warning when total design instructions exceeds this value |
+---------------------------------------------+--------+------------------------------------------------------------------+


